==== Job started on gpunode39 at Thu Nov 20 16:16:46 CET 2025 ====
SLURM_JOB_ID: 8517718
SLURM_SUBMIT_DIR: /home/dotr/paper/hyperalignment_rfMRI/main
SLURM_CPUS_PER_TASK: 8
SLURM_MEM_PER_NODE: 65536
SLURM_NTASKS: 1
data shape:  (2, 41, 48, 39, 1204)
Assuming input data has shape n_subjects x spatial xyz x dim5. Continue with preprocessing.
Preprocessing is done
Number of centers:  8528
Final number of components used for SVD: 1 explains 0.9649 of variance.
Final number of components used for SVD: 1 explains 0.9888 of variance.
Final number of components used for SVD: 1 explains 0.9467 of variance.
Final number of components used for SVD: 1 explains 0.9860 of variance.
Final number of components used for SVD: 1 explains 0.9688 of variance.
Final number of components used for SVD: 1 explains 0.9942 of variance.
Final number of components used for SVD: 1 explains 0.9400 of variance.
Final number of components used for SVD: 1 explains 0.9882 of variance.
Final number of components used for SVD: 1 explains 0.9357 of variance.
Final number of components used for SVD: 1 explains 0.9929 of variance.
Final number of components used for SVD: 1 explains 0.9162 of variance.
Final number of components used for SVD: 1 explains 0.9744 of variance.
Final number of components used for SVD: 1 explains 0.9007 of variance.
Final number of components used for SVD: 1 explains 0.9735 of variance.
Final number of components used for SVD: 1 explains 0.9859 of variance.
Final number of components used for SVD: 1 explains 0.9948 of variance.
Final number of components used for SVD: 1 explains 0.9612 of variance.
Final number of components used for SVD: 1 explains 0.9911 of variance.
Final number of components used for SVD: 1 explains 0.9534 of variance.
Final number of components used for SVD: 1 explains 0.9912 of variance.
Final number of components used for SVD: 1 explains 0.9367 of variance.
Final number of components used for SVD: 1 explains 0.9929 of variance.
Final number of components used for SVD: 1 explains 0.9254 of variance.
Final number of components used for SVD: 1 explains 0.9787 of variance.
Final number of components used for SVD: 1 explains 0.9342 of variance.
Final number of components used for SVD: 1 explains 0.9897 of variance.
Final number of components used for SVD: 1 explains 0.9012 of variance.
Final number of components used for SVD: 1 explains 0.9757 of variance.
Final number of components used for SVD: 1 explains 0.9851 of variance.
Final number of components used for SVD: 1 explains 0.9952 of variance.
Final number of components used for SVD: 1 explains 0.9507 of variance.
Final number of components used for SVD: 1 explains 0.9879 of variance.
Final number of components used for SVD: 1 explains 0.9462 of variance.
Final number of components used for SVD: 1 explains 0.9910 of variance.
Final number of components used for SVD: 1 explains 0.9307 of variance.
Final number of components used for SVD: 1 explains 0.9894 of variance.
Final number of components used for SVD: 1 explains 0.9317 of variance.
Final number of components used for SVD: 1 explains 0.9815 of variance.
Final number of components used for SVD: 1 explains 0.9085 of variance.
Final number of components used for SVD: 1 explains 0.9854 of variance.
Final number of components used for SVD: 1 explains 0.9035 of variance.
Final number of components used for SVD: 1 explains 0.9763 of variance.
Final number of components used for SVD: 1 explains 0.9840 of variance.
Final number of components used for SVD: 1 explains 0.9950 of variance.
Final number of components used for SVD: 1 explains 0.9443 of variance.
Final number of components used for SVD: 1 explains 0.9874 of variance.
Final number of components used for SVD: 1 explains 0.9497 of variance.
Final number of components used for SVD: 1 explains 0.9913 of variance.
Final number of components used for SVD: 1 explains 0.9393 of variance.
Final number of components used for SVD: 1 explains 0.9897 of variance.
Final number of components used for SVD: 1 explains 0.9351 of variance.
Final number of components used for SVD: 1 explains 0.9834 of variance.
Final number of components used for SVD: 1 explains 0.9243 of variance.
Final number of components used for SVD: 1 explains 0.9891 of variance.
Final number of components used for SVD: 1 explains 0.8758 of variance.
Final number of components used for SVD: 1 explains 0.9738 of variance.
Final number of components used for SVD: 1 explains 0.9833 of variance.
Final number of components used for SVD: 1 explains 0.9953 of variance.
Final number of components used for SVD: 1 explains 0.9250 of variance.
Final number of components used for SVD: 1 explains 0.9843 of variance.
Final number of components used for SVD: 1 explains 0.9509 of variance.
Final number of components used for SVD: 1 explains 0.9925 of variance.
Final number of components used for SVD: 1 explains 0.9196 of variance.
Final number of components used for SVD: 1 explains 0.9859 of variance.
Final number of components used for SVD: 1 explains 0.9493 of variance.
Final number of components used for SVD: 1 explains 0.9908 of variance.
Final number of components used for SVD: 1 explains 0.9327 of variance.
Final number of components used for SVD: 1 explains 0.9876 of variance.
Final number of components used for SVD: 1 explains 0.9231 of variance.
Final number of components used for SVD: 1 explains 0.9848 of variance.
Final number of components used for SVD: 1 explains 0.9655 of variance.
Final number of components used for SVD: 1 explains 0.9975 of variance.
Processed 5.01% searchlights
Final number of components used for SVD: 1 explains 0.9760 of variance.
Final number of components used for SVD: 1 explains 0.9959 of variance.
Final number of components used for SVD: 1 explains 0.9784 of variance.
Final number of components used for SVD: 1 explains 0.9966 of variance.
Final number of components used for SVD: 1 explains 0.9705 of variance.
Final number of components used for SVD: 1 explains 0.9970 of variance.
Final number of components used for SVD: 1 explains 0.9575 of variance.
Final number of components used for SVD: 1 explains 0.9892 of variance.
Final number of components used for SVD: 1 explains 0.9764 of variance.
Final number of components used for SVD: 1 explains 0.9910 of variance.
Final number of components used for SVD: 1 explains 0.9708 of variance.
Final number of components used for SVD: 1 explains 0.9898 of variance.
Final number of components used for SVD: 1 explains 0.9943 of variance.
Final number of components used for SVD: 1 explains 0.9963 of variance.
Final number of components used for SVD: 1 explains 0.9730 of variance.
Final number of components used for SVD: 1 explains 0.9937 of variance.
Final number of components used for SVD: 1 explains 0.9696 of variance.
Final number of components used for SVD: 1 explains 0.9862 of variance.
Final number of components used for SVD: 1 explains 0.9446 of variance.
Final number of components used for SVD: 1 explains 0.9906 of variance.
Final number of components used for SVD: 1 explains 0.9460 of variance.
Final number of components used for SVD: 1 explains 0.9797 of variance.
Final number of components used for SVD: 1 explains 0.9907 of variance.
Final number of components used for SVD: 1 explains 0.9956 of variance.
Final number of components used for SVD: 2 explains 0.9405 of variance.
Final number of components used for SVD: 1 explains 0.9786 of variance.
Final number of components used for SVD: 1 explains 0.9385 of variance.
Final number of components used for SVD: 1 explains 0.9825 of variance.
Final number of components used for SVD: 1 explains 0.9851 of variance.
Final number of components used for SVD: 1 explains 0.9947 of variance.
Final number of components used for SVD: 1 explains 0.9663 of variance.
Final number of components used for SVD: 1 explains 0.9915 of variance.
Final number of components used for SVD: 1 explains 0.9656 of variance.
Final number of components used for SVD: 1 explains 0.9889 of variance.
Final number of components used for SVD: 1 explains 0.9560 of variance.
Final number of components used for SVD: 1 explains 0.9916 of variance.
Final number of components used for SVD: 1 explains 0.9411 of variance.
Final number of components used for SVD: 1 explains 0.9817 of variance.
Final number of components used for SVD: 1 explains 0.9866 of variance.
Final number of components used for SVD: 1 explains 0.9919 of variance.
Final number of components used for SVD: 1 explains 0.8745 of variance.
Final number of components used for SVD: 1 explains 0.9802 of variance.
Final number of components used for SVD: 1 explains 0.9335 of variance.
Final number of components used for SVD: 1 explains 0.9830 of variance.
Final number of components used for SVD: 1 explains 0.9721 of variance.
Final number of components used for SVD: 1 explains 0.9929 of variance.
Final number of components used for SVD: 1 explains 0.9588 of variance.
Final number of components used for SVD: 1 explains 0.9895 of variance.
Final number of components used for SVD: 1 explains 0.9583 of variance.
Final number of components used for SVD: 1 explains 0.9900 of variance.
Final number of components used for SVD: 1 explains 0.9476 of variance.
Final number of components used for SVD: 1 explains 0.9892 of variance.
Final number of components used for SVD: 1 explains 0.9430 of variance.
Final number of components used for SVD: 1 explains 0.9846 of variance.
Final number of components used for SVD: 1 explains 0.9789 of variance.
Final number of components used for SVD: 1 explains 0.9909 of variance.
Final number of components used for SVD: 1 explains 0.8695 of variance.
Final number of components used for SVD: 1 explains 0.9807 of variance.
Final number of components used for SVD: 1 explains 0.9264 of variance.
Final number of components used for SVD: 1 explains 0.9831 of variance.
Final number of components used for SVD: 1 explains 0.9755 of variance.
Final number of components used for SVD: 1 explains 0.9929 of variance.
Final number of components used for SVD: 1 explains 0.9445 of variance.
Final number of components used for SVD: 1 explains 0.9878 of variance.
Final number of components used for SVD: 1 explains 0.9660 of variance.
Final number of components used for SVD: 1 explains 0.9918 of variance.
Final number of components used for SVD: 1 explains 0.9402 of variance.
Final number of components used for SVD: 1 explains 0.9883 of variance.
Final number of components used for SVD: 1 explains 0.9568 of variance.
Final number of components used for SVD: 1 explains 0.9886 of variance.
Final number of components used for SVD: 1 explains 0.9731 of variance.
Final number of components used for SVD: 1 explains 0.9906 of variance.
Final number of components used for SVD: 1 explains 0.9030 of variance.
Final number of components used for SVD: 1 explains 0.9847 of variance.
Final number of components used for SVD: 1 explains 0.9336 of variance.
Final number of components used for SVD: 1 explains 0.9844 of variance.
Final number of components used for SVD: 1 explains 0.9805 of variance.
Final number of components used for SVD: 1 explains 0.9940 of variance.
Final number of components used for SVD: 1 explains 0.9440 of variance.
Final number of components used for SVD: 1 explains 0.9873 of variance.
Final number of components used for SVD: 1 explains 0.9721 of variance.
Final number of components used for SVD: 1 explains 0.9928 of variance.
Final number of components used for SVD: 1 explains 0.9451 of variance.
Final number of components used for SVD: 1 explains 0.9895 of variance.
Final number of components used for SVD: 1 explains 0.9707 of variance.
Final number of components used for SVD: 1 explains 0.9929 of variance.
Final number of components used for SVD: 1 explains 0.9806 of variance.
Final number of components used for SVD: 1 explains 0.9870 of variance.
Final number of components used for SVD: 1 explains 0.9203 of variance.
Final number of components used for SVD: 1 explains 0.9876 of variance.
Final number of components used for SVD: 1 explains 0.9593 of variance.
Final number of components used for SVD: 1 explains 0.9912 of variance.
Final number of components used for SVD: 1 explains 0.9872 of variance.
Final number of components used for SVD: 1 explains 0.9961 of variance.
Final number of components used for SVD: 1 explains 0.9331 of variance.
Final number of components used for SVD: 1 explains 0.9872 of variance.
Final number of components used for SVD: 1 explains 0.9814 of variance.
Final number of components used for SVD: 1 explains 0.9957 of variance.
Final number of components used for SVD: 1 explains 0.9022 of variance.
Final number of components used for SVD: 1 explains 0.9912 of variance.
Final number of components used for SVD: 1 explains 0.9796 of variance.
Final number of components used for SVD: 1 explains 0.9944 of variance.
Final number of components used for SVD: 1 explains 0.9628 of variance.
Final number of components used for SVD: 1 explains 0.9920 of variance.
Final number of components used for SVD: 1 explains 0.9913 of variance.
Final number of components used for SVD: 1 explains 0.9971 of variance.
Final number of components used for SVD: 1 explains 0.8679 of variance.
Final number of components used for SVD: 1 explains 0.9913 of variance.
Final number of components used for SVD: 1 explains 0.9923 of variance.
Final number of components used for SVD: 1 explains 0.9968 of variance.
Final number of components used for SVD: 1 explains 0.9740 of variance.
Final number of components used for SVD: 1 explains 0.9902 of variance.
Final number of components used for SVD: 1 explains 0.9372 of variance.
Final number of components used for SVD: 1 explains 0.9925 of variance.
Final number of components used for SVD: 1 explains 0.9612 of variance.
Final number of components used for SVD: 1 explains 0.9922 of variance.
Final number of components used for SVD: 1 explains 0.9601 of variance.
Final number of components used for SVD: 1 explains 0.9870 of variance.
Final number of components used for SVD: 1 explains 0.9612 of variance.
Final number of components used for SVD: 1 explains 0.9931 of variance.
Final number of components used for SVD: 1 explains 0.9608 of variance.
Final number of components used for SVD: 1 explains 0.9934 of variance.
Final number of components used for SVD: 1 explains 0.9390 of variance.
Final number of components used for SVD: 1 explains 0.9874 of variance.
Final number of components used for SVD: 1 explains 0.9664 of variance.
Final number of components used for SVD: 1 explains 0.9901 of variance.
Final number of components used for SVD: 1 explains 0.9956 of variance.
Final number of components used for SVD: 1 explains 0.9965 of variance.
Final number of components used for SVD: 1 explains 0.8188 of variance.
Final number of components used for SVD: 1 explains 0.9589 of variance.
Final number of components used for SVD: 1 explains 0.9663 of variance.
Final number of components used for SVD: 1 explains 0.9905 of variance.
Final number of components used for SVD: 1 explains 0.9856 of variance.
Final number of components used for SVD: 1 explains 0.9908 of variance.
Final number of components used for SVD: 1 explains 0.9622 of variance.
Final number of components used for SVD: 1 explains 0.9923 of variance.
Final number of components used for SVD: 1 explains 0.9612 of variance.
Final number of components used for SVD: 1 explains 0.9848 of variance.
Final number of components used for SVD: 1 explains 0.9150 of variance.
Final number of components used for SVD: 1 explains 0.9851 of variance.
Final number of components used for SVD: 1 explains 0.9508 of variance.
Final number of components used for SVD: 1 explains 0.9832 of variance.
Final number of components used for SVD: 1 explains 0.9943 of variance.
Final number of components used for SVD: 1 explains 0.9952 of variance.
Final number of components used for SVD: 2 explains 0.9644 of variance.
Final number of components used for SVD: 1 explains 0.9744 of variance.
Final number of components used for SVD: 1 explains 0.9418 of variance.
Final number of components used for SVD: 1 explains 0.9860 of variance.
Final number of components used for SVD: 1 explains 0.9833 of variance.
Final number of components used for SVD: 1 explains 0.9913 of variance.
Final number of components used for SVD: 1 explains 0.9583 of variance.
Final number of components used for SVD: 1 explains 0.9912 of variance.
Final number of components used for SVD: 1 explains 0.9638 of variance.
Final number of components used for SVD: 1 explains 0.9865 of variance.
Final number of components used for SVD: 1 explains 0.9332 of variance.
Final number of components used for SVD: 1 explains 0.9869 of variance.
Final number of components used for SVD: 1 explains 0.9489 of variance.
Final number of components used for SVD: 1 explains 0.9840 of variance.
Final number of components used for SVD: 1 explains 0.9843 of variance.
Final number of components used for SVD: 1 explains 0.9869 of variance.
Final number of components used for SVD: 1 explains 0.8400 of variance.
Final number of components used for SVD: 1 explains 0.9746 of variance.
Final number of components used for SVD: 1 explains 0.9441 of variance.
Final number of components used for SVD: 1 explains 0.9868 of variance.
Final number of components used for SVD: 1 explains 0.9742 of variance.
Final number of components used for SVD: 1 explains 0.9889 of variance.
Final number of components used for SVD: 2 explains 0.9193 of variance.
Final number of components used for SVD: 1 explains 0.9121 of variance.
Final number of components used for SVD: 1 explains 0.9544 of variance.
Final number of components used for SVD: 1 explains 0.9901 of variance.
Final number of components used for SVD: 1 explains 0.9666 of variance.
Final number of components used for SVD: 1 explains 0.9890 of variance.
Final number of components used for SVD: 1 explains 0.9316 of variance.
Final number of components used for SVD: 1 explains 0.9865 of variance.
Final number of components used for SVD: 1 explains 0.9588 of variance.
Final number of components used for SVD: 1 explains 0.9877 of variance.
Final number of components used for SVD: 1 explains 0.9761 of variance.
Final number of components used for SVD: 1 explains 0.9860 of variance.
Final number of components used for SVD: 1 explains 0.8471 of variance.
Final number of components used for SVD: 1 explains 0.9767 of variance.
Final number of components used for SVD: 1 explains 0.9417 of variance.
Final number of components used for SVD: 1 explains 0.9867 of variance.
Final number of components used for SVD: 1 explains 0.9776 of variance.
Final number of components used for SVD: 1 explains 0.9906 of variance.
Final number of components used for SVD: 1 explains 0.8721 of variance.
Final number of components used for SVD: 1 explains 0.9842 of variance.
Final number of components used for SVD: 1 explains 0.9396 of variance.
Final number of components used for SVD: 1 explains 0.9877 of variance.
Final number of components used for SVD: 1 explains 0.9740 of variance.
Final number of components used for SVD: 1 explains 0.9913 of variance.
Final number of components used for SVD: 1 explains 0.9147 of variance.
Final number of components used for SVD: 1 explains 0.9849 of variance.
Final number of components used for SVD: 1 explains 0.9682 of variance.
Final number of components used for SVD: 1 explains 0.9906 of variance.
Final number of components used for SVD: 1 explains 0.9764 of variance.
Final number of components used for SVD: 1 explains 0.9884 of variance.
Final number of components used for SVD: 1 explains 0.8567 of variance.
Final number of components used for SVD: 1 explains 0.9761 of variance.
Final number of components used for SVD: 1 explains 0.9437 of variance.
Final number of components used for SVD: 1 explains 0.9862 of variance.
Final number of components used for SVD: 1 explains 0.9817 of variance.
Final number of components used for SVD: 1 explains 0.9921 of variance.
Final number of components used for SVD: 1 explains 0.8721 of variance.
Final number of components used for SVD: 1 explains 0.9842 of variance.
Final number of components used for SVD: 1 explains 0.9389 of variance.
Final number of components used for SVD: 1 explains 0.9866 of variance.
Final number of components used for SVD: 1 explains 0.9681 of variance.
Final number of components used for SVD: 1 explains 0.9900 of variance.
Final number of components used for SVD: 1 explains 0.9221 of variance.
Final number of components used for SVD: 1 explains 0.9854 of variance.
Final number of components used for SVD: 1 explains 0.9611 of variance.
Final number of components used for SVD: 1 explains 0.9905 of variance.
Final number of components used for SVD: 1 explains 0.9846 of variance.
Final number of components used for SVD: 1 explains 0.9900 of variance.
Final number of components used for SVD: 1 explains 0.8827 of variance.
Final number of components used for SVD: 1 explains 0.9756 of variance.
Final number of components used for SVD: 1 explains 0.9427 of variance.
Final number of components used for SVD: 1 explains 0.9885 of variance.
Final number of components used for SVD: 1 explains 0.9808 of variance.
Final number of components used for SVD: 1 explains 0.9937 of variance.
Final number of components used for SVD: 1 explains 0.8696 of variance.
Final number of components used for SVD: 1 explains 0.9858 of variance.
Final number of components used for SVD: 1 explains 0.9181 of variance.
Final number of components used for SVD: 1 explains 0.9846 of variance.
Final number of components used for SVD: 1 explains 0.9390 of variance.
Final number of components used for SVD: 1 explains 0.9899 of variance.
Final number of components used for SVD: 1 explains 0.8674 of variance.
Final number of components used for SVD: 1 explains 0.9831 of variance.
Final number of components used for SVD: 1 explains 0.9363 of variance.
Final number of components used for SVD: 1 explains 0.9883 of variance.
Final number of components used for SVD: 1 explains 0.9872 of variance.
Final number of components used for SVD: 1 explains 0.9966 of variance.
Final number of components used for SVD: 1 explains 0.8540 of variance.
Final number of components used for SVD: 1 explains 0.9714 of variance.
Final number of components used for SVD: 1 explains 0.9174 of variance.
Final number of components used for SVD: 1 explains 0.9844 of variance.
Final number of components used for SVD: 1 explains 0.9655 of variance.
Final number of components used for SVD: 1 explains 0.9917 of variance.
Final number of components used for SVD: 1 explains 0.8755 of variance.
Final number of components used for SVD: 1 explains 0.9794 of variance.
Final number of components used for SVD: 1 explains 0.9114 of variance.
Final number of components used for SVD: 1 explains 0.9831 of variance.
Final number of components used for SVD: 1 explains 0.9235 of variance.
Final number of components used for SVD: 1 explains 0.9818 of variance.
Final number of components used for SVD: 1 explains 0.9041 of variance.
Final number of components used for SVD: 1 explains 0.9812 of variance.
Final number of components used for SVD: 1 explains 0.9376 of variance.
Final number of components used for SVD: 1 explains 0.9848 of variance.
Final number of components used for SVD: 1 explains 0.9879 of variance.
Final number of components used for SVD: 1 explains 0.9969 of variance.
Final number of components used for SVD: 1 explains 0.9948 of variance.
Final number of components used for SVD: 1 explains 0.9975 of variance.
Final number of components used for SVD: 1 explains 0.9954 of variance.
Final number of components used for SVD: 1 explains 0.9981 of variance.
Final number of components used for SVD: 1 explains 0.9917 of variance.
Final number of components used for SVD: 1 explains 0.9977 of variance.
Processed 10.00% searchlights
Final number of components used for SVD: 1 explains 0.9475 of variance.
Final number of components used for SVD: 1 explains 0.9914 of variance.
Final number of components used for SVD: 1 explains 0.9433 of variance.
Final number of components used for SVD: 1 explains 0.9932 of variance.
Final number of components used for SVD: 1 explains 0.9632 of variance.
Final number of components used for SVD: 1 explains 0.9920 of variance.
Final number of components used for SVD: 1 explains 0.9677 of variance.
Final number of components used for SVD: 1 explains 0.9893 of variance.
Final number of components used for SVD: 1 explains 0.9310 of variance.
Final number of components used for SVD: 1 explains 0.9866 of variance.
Final number of components used for SVD: 1 explains 0.9423 of variance.
Final number of components used for SVD: 1 explains 0.9504 of variance.
Final number of components used for SVD: 1 explains 0.9454 of variance.
Final number of components used for SVD: 1 explains 0.9884 of variance.
Final number of components used for SVD: 1 explains 0.9536 of variance.
Final number of components used for SVD: 1 explains 0.9888 of variance.
Final number of components used for SVD: 1 explains 0.8387 of variance.
Final number of components used for SVD: 1 explains 0.9683 of variance.
Final number of components used for SVD: 1 explains 0.9457 of variance.
Final number of components used for SVD: 1 explains 0.9899 of variance.
Final number of components used for SVD: 1 explains 0.9576 of variance.
Final number of components used for SVD: 1 explains 0.9916 of variance.
Final number of components used for SVD: 1 explains 0.9282 of variance.
Final number of components used for SVD: 1 explains 0.9858 of variance.
Final number of components used for SVD: 1 explains 0.9532 of variance.
Final number of components used for SVD: 1 explains 0.9880 of variance.
Final number of components used for SVD: 1 explains 0.9699 of variance.
Final number of components used for SVD: 1 explains 0.9874 of variance.
Final number of components used for SVD: 1 explains 0.8391 of variance.
Final number of components used for SVD: 1 explains 0.9699 of variance.
Final number of components used for SVD: 1 explains 0.9541 of variance.
Final number of components used for SVD: 1 explains 0.9888 of variance.
Final number of components used for SVD: 1 explains 0.9589 of variance.
Final number of components used for SVD: 1 explains 0.9820 of variance.
Final number of components used for SVD: 1 explains 0.8050 of variance.
Final number of components used for SVD: 1 explains 0.9729 of variance.
Final number of components used for SVD: 1 explains 0.9456 of variance.
Final number of components used for SVD: 1 explains 0.9900 of variance.
Final number of components used for SVD: 1 explains 0.9467 of variance.
Final number of components used for SVD: 1 explains 0.9834 of variance.
Final number of components used for SVD: 1 explains 0.9509 of variance.
Final number of components used for SVD: 1 explains 0.9734 of variance.
Final number of components used for SVD: 1 explains 0.8936 of variance.
Final number of components used for SVD: 1 explains 0.9821 of variance.
Final number of components used for SVD: 1 explains 0.9431 of variance.
Final number of components used for SVD: 1 explains 0.9840 of variance.
Final number of components used for SVD: 1 explains 0.9792 of variance.
Final number of components used for SVD: 1 explains 0.9853 of variance.
Final number of components used for SVD: 2 explains 0.9552 of variance.
Final number of components used for SVD: 1 explains 0.9688 of variance.
Final number of components used for SVD: 1 explains 0.9389 of variance.
Final number of components used for SVD: 1 explains 0.9866 of variance.
Final number of components used for SVD: 1 explains 0.9652 of variance.
Final number of components used for SVD: 1 explains 0.9837 of variance.
Final number of components used for SVD: 2 explains 0.9262 of variance.
Final number of components used for SVD: 1 explains 0.9689 of variance.
Final number of components used for SVD: 1 explains 0.9476 of variance.
Final number of components used for SVD: 1 explains 0.9901 of variance.
Final number of components used for SVD: 1 explains 0.9542 of variance.
Final number of components used for SVD: 1 explains 0.9851 of variance.
Final number of components used for SVD: 1 explains 0.9461 of variance.
Final number of components used for SVD: 1 explains 0.9882 of variance.
Final number of components used for SVD: 1 explains 0.9190 of variance.
Final number of components used for SVD: 1 explains 0.9835 of variance.
Final number of components used for SVD: 1 explains 0.9480 of variance.
Final number of components used for SVD: 1 explains 0.9852 of variance.
Final number of components used for SVD: 1 explains 0.9650 of variance.
Final number of components used for SVD: 1 explains 0.9805 of variance.
Final number of components used for SVD: 1 explains 0.8116 of variance.
Final number of components used for SVD: 1 explains 0.9677 of variance.
Final number of components used for SVD: 1 explains 0.9481 of variance.
Final number of components used for SVD: 1 explains 0.9883 of variance.
Final number of components used for SVD: 1 explains 0.9666 of variance.
Final number of components used for SVD: 1 explains 0.9862 of variance.
Final number of components used for SVD: 2 explains 0.8993 of variance.
Final number of components used for SVD: 1 explains 0.9630 of variance.
Final number of components used for SVD: 1 explains 0.9516 of variance.
Final number of components used for SVD: 1 explains 0.9903 of variance.
Final number of components used for SVD: 1 explains 0.9672 of variance.
Final number of components used for SVD: 1 explains 0.9897 of variance.
Final number of components used for SVD: 1 explains 0.9540 of variance.
Final number of components used for SVD: 1 explains 0.9880 of variance.
Final number of components used for SVD: 1 explains 0.9256 of variance.
Final number of components used for SVD: 1 explains 0.9859 of variance.
Final number of components used for SVD: 1 explains 0.9639 of variance.
Final number of components used for SVD: 1 explains 0.9896 of variance.
Final number of components used for SVD: 1 explains 0.9697 of variance.
Final number of components used for SVD: 1 explains 0.9869 of variance.
Final number of components used for SVD: 1 explains 0.8233 of variance.
Final number of components used for SVD: 1 explains 0.9720 of variance.
Final number of components used for SVD: 1 explains 0.9490 of variance.
Final number of components used for SVD: 1 explains 0.9887 of variance.
Final number of components used for SVD: 1 explains 0.9768 of variance.
Final number of components used for SVD: 1 explains 0.9910 of variance.
Final number of components used for SVD: 1 explains 0.8655 of variance.
Final number of components used for SVD: 1 explains 0.9780 of variance.
Final number of components used for SVD: 1 explains 0.9416 of variance.
Final number of components used for SVD: 1 explains 0.9889 of variance.
Final number of components used for SVD: 1 explains 0.9773 of variance.
Final number of components used for SVD: 1 explains 0.9924 of variance.
Final number of components used for SVD: 1 explains 0.9666 of variance.
Final number of components used for SVD: 1 explains 0.9903 of variance.
Final number of components used for SVD: 1 explains 0.9144 of variance.
Final number of components used for SVD: 1 explains 0.9851 of variance.
Final number of components used for SVD: 1 explains 0.9706 of variance.
Final number of components used for SVD: 1 explains 0.9913 of variance.
Final number of components used for SVD: 1 explains 0.9730 of variance.
Final number of components used for SVD: 1 explains 0.9901 of variance.
Final number of components used for SVD: 1 explains 0.8610 of variance.
Final number of components used for SVD: 1 explains 0.9757 of variance.
Final number of components used for SVD: 1 explains 0.9471 of variance.
Final number of components used for SVD: 1 explains 0.9870 of variance.
Final number of components used for SVD: 1 explains 0.9755 of variance.
Final number of components used for SVD: 1 explains 0.9913 of variance.
Final number of components used for SVD: 1 explains 0.8618 of variance.
Final number of components used for SVD: 1 explains 0.9757 of variance.
Final number of components used for SVD: 1 explains 0.9326 of variance.
Final number of components used for SVD: 1 explains 0.9870 of variance.
Final number of components used for SVD: 1 explains 0.9614 of variance.
Final number of components used for SVD: 1 explains 0.9892 of variance.
Final number of components used for SVD: 1 explains 0.9458 of variance.
Final number of components used for SVD: 1 explains 0.9935 of variance.
Final number of components used for SVD: 1 explains 0.9079 of variance.
Final number of components used for SVD: 1 explains 0.9846 of variance.
Final number of components used for SVD: 1 explains 0.9510 of variance.
Final number of components used for SVD: 1 explains 0.9883 of variance.
Final number of components used for SVD: 1 explains 0.9730 of variance.
Final number of components used for SVD: 1 explains 0.9902 of variance.
Final number of components used for SVD: 1 explains 0.8907 of variance.
Final number of components used for SVD: 1 explains 0.9800 of variance.
Final number of components used for SVD: 1 explains 0.9344 of variance.
Final number of components used for SVD: 1 explains 0.9867 of variance.
Final number of components used for SVD: 1 explains 0.9676 of variance.
Final number of components used for SVD: 1 explains 0.9897 of variance.
Final number of components used for SVD: 1 explains 0.8573 of variance.
Final number of components used for SVD: 1 explains 0.9773 of variance.
Final number of components used for SVD: 1 explains 0.9071 of variance.
Final number of components used for SVD: 1 explains 0.9842 of variance.
Final number of components used for SVD: 1 explains 0.9363 of variance.
Final number of components used for SVD: 1 explains 0.9865 of variance.
Final number of components used for SVD: 1 explains 0.8553 of variance.
Final number of components used for SVD: 1 explains 0.9793 of variance.
Final number of components used for SVD: 1 explains 0.9270 of variance.
Final number of components used for SVD: 1 explains 0.9846 of variance.
Final number of components used for SVD: 1 explains 0.9717 of variance.
Final number of components used for SVD: 1 explains 0.9927 of variance.
Final number of components used for SVD: 1 explains 0.8607 of variance.
Final number of components used for SVD: 1 explains 0.9824 of variance.
Final number of components used for SVD: 1 explains 0.9229 of variance.
Final number of components used for SVD: 1 explains 0.9830 of variance.
Final number of components used for SVD: 1 explains 0.9515 of variance.
Final number of components used for SVD: 1 explains 0.9845 of variance.
Final number of components used for SVD: 2 explains 0.9187 of variance.
Final number of components used for SVD: 1 explains 0.9691 of variance.
Final number of components used for SVD: 1 explains 0.8853 of variance.
Final number of components used for SVD: 1 explains 0.9813 of variance.
Final number of components used for SVD: 1 explains 0.9313 of variance.
Final number of components used for SVD: 1 explains 0.9797 of variance.
Final number of components used for SVD: 1 explains 0.8482 of variance.
Final number of components used for SVD: 1 explains 0.9804 of variance.
Final number of components used for SVD: 1 explains 0.9268 of variance.
Final number of components used for SVD: 1 explains 0.9818 of variance.
Final number of components used for SVD: 2 explains 0.9651 of variance.
Final number of components used for SVD: 1 explains 0.9704 of variance.
Final number of components used for SVD: 1 explains 0.9514 of variance.
Final number of components used for SVD: 1 explains 0.9848 of variance.
Final number of components used for SVD: 1 explains 0.9428 of variance.
Final number of components used for SVD: 1 explains 0.9855 of variance.
Final number of components used for SVD: 1 explains 0.9435 of variance.
Final number of components used for SVD: 1 explains 0.9868 of variance.
Final number of components used for SVD: 1 explains 0.9773 of variance.
Final number of components used for SVD: 1 explains 0.9916 of variance.
Final number of components used for SVD: 1 explains 0.9791 of variance.
Final number of components used for SVD: 1 explains 0.9933 of variance.
Final number of components used for SVD: 1 explains 0.9809 of variance.
Final number of components used for SVD: 1 explains 0.9911 of variance.
Final number of components used for SVD: 1 explains 0.9789 of variance.
Final number of components used for SVD: 1 explains 0.9908 of variance.
Final number of components used for SVD: 1 explains 0.9719 of variance.
Final number of components used for SVD: 1 explains 0.9935 of variance.
Final number of components used for SVD: 1 explains 0.9786 of variance.
Final number of components used for SVD: 1 explains 0.9909 of variance.
Final number of components used for SVD: 1 explains 0.9601 of variance.
Final number of components used for SVD: 1 explains 0.9938 of variance.
Final number of components used for SVD: 1 explains 0.8659 of variance.
Final number of components used for SVD: 1 explains 0.9954 of variance.
Final number of components used for SVD: 1 explains 0.9065 of variance.
Final number of components used for SVD: 1 explains 0.9904 of variance.
Final number of components used for SVD: 1 explains 0.9427 of variance.
Final number of components used for SVD: 1 explains 0.9902 of variance.
Final number of components used for SVD: 1 explains 0.9432 of variance.
Final number of components used for SVD: 1 explains 0.9909 of variance.
Final number of components used for SVD: 2 explains 0.9360 of variance.
Final number of components used for SVD: 1 explains 0.9173 of variance.
Final number of components used for SVD: 1 explains 0.9569 of variance.
Final number of components used for SVD: 1 explains 0.9947 of variance.
Final number of components used for SVD: 1 explains 0.9547 of variance.
Final number of components used for SVD: 1 explains 0.9844 of variance.
Final number of components used for SVD: 1 explains 0.9421 of variance.
Final number of components used for SVD: 1 explains 0.9866 of variance.
Final number of components used for SVD: 1 explains 0.9251 of variance.
Final number of components used for SVD: 1 explains 0.9812 of variance.
Final number of components used for SVD: 1 explains 0.9763 of variance.
Final number of components used for SVD: 1 explains 0.9953 of variance.
Final number of components used for SVD: 1 explains 0.8899 of variance.
Final number of components used for SVD: 1 explains 0.9693 of variance.
Final number of components used for SVD: 1 explains 0.9441 of variance.
Final number of components used for SVD: 1 explains 0.9875 of variance.
Final number of components used for SVD: 1 explains 0.9554 of variance.
Final number of components used for SVD: 1 explains 0.9877 of variance.
Final number of components used for SVD: 2 explains 0.9031 of variance.
Final number of components used for SVD: 1 explains 0.9585 of variance.
Final number of components used for SVD: 1 explains 0.9549 of variance.
Final number of components used for SVD: 1 explains 0.9911 of variance.
Final number of components used for SVD: 1 explains 0.9570 of variance.
Final number of components used for SVD: 1 explains 0.9883 of variance.
Final number of components used for SVD: 1 explains 0.9278 of variance.
Final number of components used for SVD: 1 explains 0.9872 of variance.
Final number of components used for SVD: 1 explains 0.9497 of variance.
Final number of components used for SVD: 1 explains 0.9861 of variance.
Final number of components used for SVD: 1 explains 0.9514 of variance.
Final number of components used for SVD: 1 explains 0.9828 of variance.
Final number of components used for SVD: 1 explains 0.8542 of variance.
Final number of components used for SVD: 1 explains 0.9791 of variance.
Final number of components used for SVD: 1 explains 0.9490 of variance.
Final number of components used for SVD: 1 explains 0.9885 of variance.
Final number of components used for SVD: 1 explains 0.9329 of variance.
Final number of components used for SVD: 1 explains 0.9738 of variance.
Final number of components used for SVD: 2 explains 0.8954 of variance.
Final number of components used for SVD: 1 explains 0.9654 of variance.
Final number of components used for SVD: 1 explains 0.9451 of variance.
Final number of components used for SVD: 1 explains 0.9900 of variance.
Final number of components used for SVD: 1 explains 0.9333 of variance.
Final number of components used for SVD: 1 explains 0.9800 of variance.
Final number of components used for SVD: 1 explains 0.9059 of variance.
Final number of components used for SVD: 1 explains 0.9492 of variance.
Final number of components used for SVD: 1 explains 0.8947 of variance.
Final number of components used for SVD: 1 explains 0.9832 of variance.
Final number of components used for SVD: 1 explains 0.9389 of variance.
Final number of components used for SVD: 1 explains 0.9837 of variance.
Final number of components used for SVD: 1 explains 0.9434 of variance.
Final number of components used for SVD: 1 explains 0.9721 of variance.
Final number of components used for SVD: 1 explains 0.8092 of variance.
Final number of components used for SVD: 1 explains 0.9748 of variance.
Final number of components used for SVD: 1 explains 0.9422 of variance.
Final number of components used for SVD: 1 explains 0.9875 of variance.
Final number of components used for SVD: 1 explains 0.9351 of variance.
Final number of components used for SVD: 1 explains 0.9742 of variance.
Final number of components used for SVD: 2 explains 0.8916 of variance.
Final number of components used for SVD: 1 explains 0.9629 of variance.
Final number of components used for SVD: 1 explains 0.9489 of variance.
Final number of components used for SVD: 1 explains 0.9902 of variance.
Final number of components used for SVD: 1 explains 0.9417 of variance.
Final number of components used for SVD: 1 explains 0.9822 of variance.
Final number of components used for SVD: 1 explains 0.9300 of variance.
Final number of components used for SVD: 1 explains 0.9769 of variance.
Final number of components used for SVD: 1 explains 0.9093 of variance.
Final number of components used for SVD: 1 explains 0.9827 of variance.
Final number of components used for SVD: 1 explains 0.9486 of variance.
Final number of components used for SVD: 1 explains 0.9859 of variance.
Final number of components used for SVD: 1 explains 0.9427 of variance.
Final number of components used for SVD: 1 explains 0.9739 of variance.
Final number of components used for SVD: 1 explains 0.8267 of variance.
Final number of components used for SVD: 1 explains 0.9703 of variance.
Final number of components used for SVD: 1 explains 0.9531 of variance.
Final number of components used for SVD: 1 explains 0.9896 of variance.
Final number of components used for SVD: 1 explains 0.9549 of variance.
Final number of components used for SVD: 1 explains 0.9827 of variance.
Final number of components used for SVD: 2 explains 0.8825 of variance.
Final number of components used for SVD: 1 explains 0.9674 of variance.
Final number of components used for SVD: 1 explains 0.9532 of variance.
Final number of components used for SVD: 1 explains 0.9906 of variance.
Final number of components used for SVD: 1 explains 0.9646 of variance.
Final number of components used for SVD: 1 explains 0.9893 of variance.
Final number of components used for SVD: 1 explains 0.9482 of variance.
Final number of components used for SVD: 1 explains 0.9831 of variance.
Final number of components used for SVD: 1 explains 0.9199 of variance.
Final number of components used for SVD: 1 explains 0.9842 of variance.
Final number of components used for SVD: 1 explains 0.9662 of variance.
Final number of components used for SVD: 1 explains 0.9907 of variance.
Final number of components used for SVD: 1 explains 0.9671 of variance.
Final number of components used for SVD: 1 explains 0.9866 of variance.
Final number of components used for SVD: 1 explains 0.8300 of variance.
Final number of components used for SVD: 1 explains 0.9685 of variance.
Final number of components used for SVD: 1 explains 0.9557 of variance.
Final number of components used for SVD: 1 explains 0.9901 of variance.
Final number of components used for SVD: 1 explains 0.9757 of variance.
Final number of components used for SVD: 1 explains 0.9906 of variance.
Final number of components used for SVD: 1 explains 0.8706 of variance.
Final number of components used for SVD: 1 explains 0.9787 of variance.
Final number of components used for SVD: 1 explains 0.9473 of variance.
Final number of components used for SVD: 1 explains 0.9897 of variance.
Final number of components used for SVD: 1 explains 0.9774 of variance.
Final number of components used for SVD: 1 explains 0.9924 of variance.
Final number of components used for SVD: 1 explains 0.9751 of variance.
Final number of components used for SVD: 1 explains 0.9891 of variance.
Final number of components used for SVD: 1 explains 0.9116 of variance.
Final number of components used for SVD: 1 explains 0.9841 of variance.
Final number of components used for SVD: 1 explains 0.9710 of variance.
Final number of components used for SVD: 1 explains 0.9918 of variance.
Final number of components used for SVD: 1 explains 0.9719 of variance.
Final number of components used for SVD: 1 explains 0.9894 of variance.
Final number of components used for SVD: 1 explains 0.8668 of variance.
Final number of components used for SVD: 1 explains 0.9745 of variance.
Final number of components used for SVD: 1 explains 0.9514 of variance.
Final number of components used for SVD: 1 explains 0.9881 of variance.
Final number of components used for SVD: 1 explains 0.9701 of variance.
Final number of components used for SVD: 1 explains 0.9902 of variance.
Final number of components used for SVD: 1 explains 0.8429 of variance.
Final number of components used for SVD: 1 explains 0.9766 of variance.
Final number of components used for SVD: 1 explains 0.9410 of variance.
Final number of components used for SVD: 1 explains 0.9878 of variance.
Final number of components used for SVD: 1 explains 0.9617 of variance.
Final number of components used for SVD: 1 explains 0.9893 of variance.
Final number of components used for SVD: 1 explains 0.9707 of variance.
Final number of components used for SVD: 1 explains 0.9931 of variance.
Final number of components used for SVD: 1 explains 0.9056 of variance.
Final number of components used for SVD: 1 explains 0.9830 of variance.
Final number of components used for SVD: 1 explains 0.9535 of variance.
Final number of components used for SVD: 1 explains 0.9883 of variance.
Final number of components used for SVD: 1 explains 0.9672 of variance.
Final number of components used for SVD: 1 explains 0.9878 of variance.
Final number of components used for SVD: 1 explains 0.9058 of variance.
Final number of components used for SVD: 1 explains 0.9799 of variance.
Final number of components used for SVD: 1 explains 0.9418 of variance.
Final number of components used for SVD: 1 explains 0.9866 of variance.
Final number of components used for SVD: 1 explains 0.9645 of variance.
Final number of components used for SVD: 1 explains 0.9878 of variance.
Final number of components used for SVD: 1 explains 0.8425 of variance.
Final number of components used for SVD: 1 explains 0.9781 of variance.
Final number of components used for SVD: 1 explains 0.9199 of variance.
Final number of components used for SVD: 1 explains 0.9839 of variance.
Final number of components used for SVD: 1 explains 0.9501 of variance.
Final number of components used for SVD: 1 explains 0.9866 of variance.
Final number of components used for SVD: 1 explains 0.9888 of variance.
Final number of components used for SVD: 1 explains 0.9946 of variance.
Final number of components used for SVD: 1 explains 0.8783 of variance.
Final number of components used for SVD: 1 explains 0.9782 of variance.
Final number of components used for SVD: 1 explains 0.9373 of variance.
Final number of components used for SVD: 1 explains 0.9843 of variance.
Final number of components used for SVD: 1 explains 0.9658 of variance.
Final number of components used for SVD: 1 explains 0.9880 of variance.
Final number of components used for SVD: 1 explains 0.9034 of variance.
Final number of components used for SVD: 1 explains 0.9814 of variance.
Final number of components used for SVD: 1 explains 0.9343 of variance.
Final number of components used for SVD: 1 explains 0.9829 of variance.
Final number of components used for SVD: 1 explains 0.9606 of variance.
Final number of components used for SVD: 1 explains 0.9851 of variance.
Final number of components used for SVD: 2 explains 0.9737 of variance.
Final number of components used for SVD: 1 explains 0.9781 of variance.
Final number of components used for SVD: 1 explains 0.9089 of variance.
Final number of components used for SVD: 1 explains 0.9806 of variance.
Final number of components used for SVD: 1 explains 0.9504 of variance.
Final number of components used for SVD: 1 explains 0.9832 of variance.
Final number of components used for SVD: 1 explains 0.8682 of variance.
Final number of components used for SVD: 1 explains 0.9781 of variance.
Final number of components used for SVD: 1 explains 0.9432 of variance.
Final number of components used for SVD: 1 explains 0.9837 of variance.
Final number of components used for SVD: 1 explains 0.9454 of variance.
Final number of components used for SVD: 1 explains 0.9802 of variance.
Final number of components used for SVD: 1 explains 0.9009 of variance.
Final number of components used for SVD: 1 explains 0.9758 of variance.
Final number of components used for SVD: 1 explains 0.9527 of variance.
Final number of components used for SVD: 1 explains 0.9849 of variance.
Final number of components used for SVD: 1 explains 0.9583 of variance.
Final number of components used for SVD: 1 explains 0.9871 of variance.
Final number of components used for SVD: 1 explains 0.9488 of variance.
Final number of components used for SVD: 1 explains 0.9851 of variance.
Final number of components used for SVD: 1 explains 0.9634 of variance.
Final number of components used for SVD: 1 explains 0.9875 of variance.
Final number of components used for SVD: 1 explains 0.9722 of variance.
Final number of components used for SVD: 1 explains 0.9929 of variance.
Final number of components used for SVD: 1 explains 0.9683 of variance.
Final number of components used for SVD: 1 explains 0.9888 of variance.
Final number of components used for SVD: 1 explains 0.9638 of variance.
Final number of components used for SVD: 1 explains 0.9869 of variance.
Final number of components used for SVD: 1 explains 0.9758 of variance.
Final number of components used for SVD: 1 explains 0.9932 of variance.
Final number of components used for SVD: 1 explains 0.9692 of variance.
Final number of components used for SVD: 1 explains 0.9879 of variance.
Final number of components used for SVD: 1 explains 0.9646 of variance.
Final number of components used for SVD: 1 explains 0.9887 of variance.
Final number of components used for SVD: 1 explains 0.9791 of variance.
Final number of components used for SVD: 1 explains 0.9949 of variance.
Final number of components used for SVD: 1 explains 0.9375 of variance.
Final number of components used for SVD: 1 explains 0.9870 of variance.
Final number of components used for SVD: 1 explains 0.8978 of variance.
Final number of components used for SVD: 1 explains 0.9804 of variance.
Final number of components used for SVD: 1 explains 0.9620 of variance.
Final number of components used for SVD: 1 explains 0.9892 of variance.
Final number of components used for SVD: 1 explains 0.9919 of variance.
Final number of components used for SVD: 1 explains 0.9984 of variance.
Final number of components used for SVD: 1 explains 0.9721 of variance.
Final number of components used for SVD: 1 explains 0.9985 of variance.
Final number of components used for SVD: 1 explains 0.9490 of variance.
Final number of components used for SVD: 1 explains 0.9953 of variance.
Final number of components used for SVD: 1 explains 0.9480 of variance.
Final number of components used for SVD: 1 explains 0.9936 of variance.
Final number of components used for SVD: 1 explains 0.9128 of variance.
Final number of components used for SVD: 1 explains 0.9720 of variance.
Processed 15.01% searchlights
Final number of components used for SVD: 1 explains 0.9569 of variance.
Final number of components used for SVD: 1 explains 0.9934 of variance.
Final number of components used for SVD: 1 explains 0.9538 of variance.
Final number of components used for SVD: 1 explains 0.9880 of variance.
Final number of components used for SVD: 1 explains 0.8145 of variance.
Final number of components used for SVD: 1 explains 0.9402 of variance.
Final number of components used for SVD: 1 explains 0.9648 of variance.
Final number of components used for SVD: 1 explains 0.9949 of variance.
Final number of components used for SVD: 1 explains 0.9254 of variance.
Final number of components used for SVD: 1 explains 0.9805 of variance.
Final number of components used for SVD: 2 explains 0.9833 of variance.
Final number of components used for SVD: 1 explains 0.9671 of variance.
Final number of components used for SVD: 1 explains 0.9220 of variance.
Final number of components used for SVD: 1 explains 0.9861 of variance.
Final number of components used for SVD: 1 explains 0.9170 of variance.
Final number of components used for SVD: 1 explains 0.9808 of variance.
Final number of components used for SVD: 1 explains 0.9838 of variance.
Final number of components used for SVD: 1 explains 0.9960 of variance.
Final number of components used for SVD: 1 explains 0.8496 of variance.
Final number of components used for SVD: 1 explains 0.9727 of variance.
Final number of components used for SVD: 1 explains 0.9420 of variance.
Final number of components used for SVD: 1 explains 0.9882 of variance.
Final number of components used for SVD: 1 explains 0.9607 of variance.
Final number of components used for SVD: 1 explains 0.9892 of variance.
Final number of components used for SVD: 2 explains 0.9237 of variance.
Final number of components used for SVD: 1 explains 0.9707 of variance.
Final number of components used for SVD: 1 explains 0.9573 of variance.
Final number of components used for SVD: 1 explains 0.9922 of variance.
Final number of components used for SVD: 1 explains 0.9525 of variance.
Final number of components used for SVD: 1 explains 0.9865 of variance.
Final number of components used for SVD: 1 explains 0.9337 of variance.
Final number of components used for SVD: 1 explains 0.9767 of variance.
Final number of components used for SVD: 2 explains 0.9559 of variance.
Final number of components used for SVD: 1 explains 0.9563 of variance.
Final number of components used for SVD: 1 explains 0.9233 of variance.
Final number of components used for SVD: 1 explains 0.9878 of variance.
Final number of components used for SVD: 1 explains 0.9425 of variance.
Final number of components used for SVD: 1 explains 0.9854 of variance.
Final number of components used for SVD: 1 explains 0.9386 of variance.
Final number of components used for SVD: 1 explains 0.9795 of variance.
Final number of components used for SVD: 1 explains 0.8529 of variance.
Final number of components used for SVD: 1 explains 0.9813 of variance.
Final number of components used for SVD: 1 explains 0.9460 of variance.
Final number of components used for SVD: 1 explains 0.9892 of variance.
Final number of components used for SVD: 1 explains 0.9156 of variance.
Final number of components used for SVD: 1 explains 0.9718 of variance.
Final number of components used for SVD: 2 explains 0.9348 of variance.
Final number of components used for SVD: 1 explains 0.9751 of variance.
Final number of components used for SVD: 1 explains 0.9467 of variance.
Final number of components used for SVD: 1 explains 0.9907 of variance.
Final number of components used for SVD: 1 explains 0.9258 of variance.
Final number of components used for SVD: 1 explains 0.9796 of variance.
Final number of components used for SVD: 1 explains 0.9042 of variance.
Final number of components used for SVD: 1 explains 0.9624 of variance.
Final number of components used for SVD: 2 explains 0.9551 of variance.
Final number of components used for SVD: 1 explains 0.9576 of variance.
Final number of components used for SVD: 1 explains 0.8931 of variance.
Final number of components used for SVD: 1 explains 0.9846 of variance.
Final number of components used for SVD: 1 explains 0.9328 of variance.
Final number of components used for SVD: 1 explains 0.9834 of variance.
Final number of components used for SVD: 1 explains 0.9234 of variance.
Final number of components used for SVD: 1 explains 0.9704 of variance.
Final number of components used for SVD: 1 explains 0.8215 of variance.
Final number of components used for SVD: 1 explains 0.9784 of variance.
Final number of components used for SVD: 1 explains 0.9410 of variance.
Final number of components used for SVD: 1 explains 0.9881 of variance.
Final number of components used for SVD: 1 explains 0.9160 of variance.
Final number of components used for SVD: 1 explains 0.9714 of variance.
Final number of components used for SVD: 2 explains 0.9282 of variance.
Final number of components used for SVD: 1 explains 0.9734 of variance.
Final number of components used for SVD: 1 explains 0.9476 of variance.
Final number of components used for SVD: 1 explains 0.9901 of variance.
Final number of components used for SVD: 1 explains 0.9341 of variance.
Final number of components used for SVD: 1 explains 0.9813 of variance.
Final number of components used for SVD: 1 explains 0.9402 of variance.
Final number of components used for SVD: 1 explains 0.9796 of variance.
Final number of components used for SVD: 2 explains 0.9367 of variance.
Final number of components used for SVD: 1 explains 0.9563 of variance.
Final number of components used for SVD: 1 explains 0.9051 of variance.
Final number of components used for SVD: 1 explains 0.9833 of variance.
Final number of components used for SVD: 1 explains 0.9462 of variance.
Final number of components used for SVD: 1 explains 0.9859 of variance.
Final number of components used for SVD: 1 explains 0.9406 of variance.
Final number of components used for SVD: 1 explains 0.9770 of variance.
Final number of components used for SVD: 1 explains 0.8589 of variance.
Final number of components used for SVD: 1 explains 0.9790 of variance.
Final number of components used for SVD: 1 explains 0.9541 of variance.
Final number of components used for SVD: 1 explains 0.9900 of variance.
Final number of components used for SVD: 1 explains 0.9525 of variance.
Final number of components used for SVD: 1 explains 0.9837 of variance.
Final number of components used for SVD: 1 explains 0.8317 of variance.
Final number of components used for SVD: 1 explains 0.9801 of variance.
Final number of components used for SVD: 1 explains 0.9547 of variance.
Final number of components used for SVD: 1 explains 0.9906 of variance.
Final number of components used for SVD: 1 explains 0.9655 of variance.
Final number of components used for SVD: 1 explains 0.9898 of variance.
Final number of components used for SVD: 1 explains 0.9725 of variance.
Final number of components used for SVD: 1 explains 0.9902 of variance.
Final number of components used for SVD: 1 explains 0.8773 of variance.
Final number of components used for SVD: 1 explains 0.9878 of variance.
Final number of components used for SVD: 1 explains 0.9208 of variance.
Final number of components used for SVD: 1 explains 0.9846 of variance.
Final number of components used for SVD: 1 explains 0.9680 of variance.
Final number of components used for SVD: 1 explains 0.9912 of variance.
Final number of components used for SVD: 1 explains 0.9739 of variance.
Final number of components used for SVD: 1 explains 0.9898 of variance.
Final number of components used for SVD: 1 explains 0.8611 of variance.
Final number of components used for SVD: 1 explains 0.9754 of variance.
Final number of components used for SVD: 1 explains 0.9602 of variance.
Final number of components used for SVD: 1 explains 0.9905 of variance.
Final number of components used for SVD: 1 explains 0.9780 of variance.
Final number of components used for SVD: 1 explains 0.9919 of variance.
Final number of components used for SVD: 1 explains 0.8793 of variance.
Final number of components used for SVD: 1 explains 0.9780 of variance.
Final number of components used for SVD: 1 explains 0.9505 of variance.
Final number of components used for SVD: 1 explains 0.9895 of variance.
Final number of components used for SVD: 1 explains 0.9781 of variance.
Final number of components used for SVD: 1 explains 0.9928 of variance.
Final number of components used for SVD: 1 explains 0.9831 of variance.
Final number of components used for SVD: 1 explains 0.9935 of variance.
Final number of components used for SVD: 1 explains 0.9160 of variance.
Final number of components used for SVD: 1 explains 0.9834 of variance.
Final number of components used for SVD: 1 explains 0.9711 of variance.
Final number of components used for SVD: 1 explains 0.9917 of variance.
Final number of components used for SVD: 1 explains 0.9758 of variance.
Final number of components used for SVD: 1 explains 0.9914 of variance.
Final number of components used for SVD: 1 explains 0.8971 of variance.
Final number of components used for SVD: 1 explains 0.9780 of variance.
Final number of components used for SVD: 1 explains 0.9525 of variance.
Final number of components used for SVD: 1 explains 0.9880 of variance.
Final number of components used for SVD: 1 explains 0.9684 of variance.
Final number of components used for SVD: 1 explains 0.9904 of variance.
Final number of components used for SVD: 1 explains 0.9155 of variance.
Final number of components used for SVD: 1 explains 0.9835 of variance.
Final number of components used for SVD: 1 explains 0.9415 of variance.
Final number of components used for SVD: 1 explains 0.9874 of variance.
Final number of components used for SVD: 1 explains 0.9617 of variance.
Final number of components used for SVD: 1 explains 0.9894 of variance.
Final number of components used for SVD: 1 explains 0.9702 of variance.
Final number of components used for SVD: 1 explains 0.9930 of variance.
Final number of components used for SVD: 1 explains 0.9147 of variance.
Final number of components used for SVD: 1 explains 0.9830 of variance.
Final number of components used for SVD: 1 explains 0.9551 of variance.
Final number of components used for SVD: 1 explains 0.9885 of variance.
Final number of components used for SVD: 1 explains 0.9637 of variance.
Final number of components used for SVD: 1 explains 0.9879 of variance.
Final number of components used for SVD: 1 explains 0.9177 of variance.
Final number of components used for SVD: 1 explains 0.9812 of variance.
Final number of components used for SVD: 1 explains 0.9431 of variance.
Final number of components used for SVD: 1 explains 0.9863 of variance.
Final number of components used for SVD: 1 explains 0.9618 of variance.
Final number of components used for SVD: 1 explains 0.9874 of variance.
Final number of components used for SVD: 1 explains 0.9227 of variance.
Final number of components used for SVD: 1 explains 0.9855 of variance.
Final number of components used for SVD: 1 explains 0.9183 of variance.
Final number of components used for SVD: 1 explains 0.9831 of variance.
Final number of components used for SVD: 1 explains 0.9519 of variance.
Final number of components used for SVD: 1 explains 0.9862 of variance.
Final number of components used for SVD: 1 explains 0.9414 of variance.
Final number of components used for SVD: 1 explains 0.9880 of variance.
Final number of components used for SVD: 1 explains 0.8913 of variance.
Final number of components used for SVD: 1 explains 0.9798 of variance.
Final number of components used for SVD: 1 explains 0.9428 of variance.
Final number of components used for SVD: 1 explains 0.9854 of variance.
Final number of components used for SVD: 1 explains 0.9445 of variance.
Final number of components used for SVD: 1 explains 0.9823 of variance.
Final number of components used for SVD: 1 explains 0.9137 of variance.
Final number of components used for SVD: 1 explains 0.9817 of variance.
Final number of components used for SVD: 1 explains 0.9307 of variance.
Final number of components used for SVD: 1 explains 0.9829 of variance.
Final number of components used for SVD: 1 explains 0.9550 of variance.
Final number of components used for SVD: 1 explains 0.9846 of variance.
Final number of components used for SVD: 1 explains 0.9368 of variance.
Final number of components used for SVD: 1 explains 0.9871 of variance.
Final number of components used for SVD: 1 explains 0.8968 of variance.
Final number of components used for SVD: 1 explains 0.9794 of variance.
Final number of components used for SVD: 1 explains 0.9535 of variance.
Final number of components used for SVD: 1 explains 0.9843 of variance.
Final number of components used for SVD: 1 explains 0.9273 of variance.
Final number of components used for SVD: 1 explains 0.9806 of variance.
Final number of components used for SVD: 1 explains 0.8597 of variance.
Final number of components used for SVD: 1 explains 0.9781 of variance.
Final number of components used for SVD: 1 explains 0.9440 of variance.
Final number of components used for SVD: 1 explains 0.9850 of variance.
Final number of components used for SVD: 1 explains 0.9469 of variance.
Final number of components used for SVD: 1 explains 0.9847 of variance.
Final number of components used for SVD: 1 explains 0.8954 of variance.
Final number of components used for SVD: 1 explains 0.9784 of variance.
Final number of components used for SVD: 1 explains 0.9391 of variance.
Final number of components used for SVD: 1 explains 0.9838 of variance.
Final number of components used for SVD: 1 explains 0.9574 of variance.
Final number of components used for SVD: 1 explains 0.9888 of variance.
Final number of components used for SVD: 1 explains 0.9253 of variance.
Final number of components used for SVD: 1 explains 0.9830 of variance.
Final number of components used for SVD: 1 explains 0.9549 of variance.
Final number of components used for SVD: 1 explains 0.9860 of variance.
Final number of components used for SVD: 1 explains 0.9419 of variance.
Final number of components used for SVD: 1 explains 0.9908 of variance.
Final number of components used for SVD: 1 explains 0.9610 of variance.
Final number of components used for SVD: 1 explains 0.9880 of variance.
Final number of components used for SVD: 1 explains 0.9585 of variance.
Final number of components used for SVD: 1 explains 0.9970 of variance.
Final number of components used for SVD: 2 explains 0.9401 of variance.
Final number of components used for SVD: 1 explains 0.9760 of variance.
Final number of components used for SVD: 1 explains 0.9480 of variance.
Final number of components used for SVD: 1 explains 0.9844 of variance.
Final number of components used for SVD: 1 explains 0.9663 of variance.
Final number of components used for SVD: 1 explains 0.9916 of variance.
Final number of components used for SVD: 1 explains 0.9517 of variance.
Final number of components used for SVD: 1 explains 0.9852 of variance.
Final number of components used for SVD: 1 explains 0.9632 of variance.
Final number of components used for SVD: 1 explains 0.9888 of variance.
Final number of components used for SVD: 1 explains 0.9487 of variance.
Final number of components used for SVD: 1 explains 0.9927 of variance.
Final number of components used for SVD: 1 explains 0.9302 of variance.
Final number of components used for SVD: 1 explains 0.9855 of variance.
Final number of components used for SVD: 1 explains 0.8997 of variance.
Final number of components used for SVD: 1 explains 0.9799 of variance.
Final number of components used for SVD: 1 explains 0.9562 of variance.
Final number of components used for SVD: 1 explains 0.9883 of variance.
Final number of components used for SVD: 1 explains 0.9462 of variance.
Final number of components used for SVD: 1 explains 0.9920 of variance.
Final number of components used for SVD: 1 explains 0.9371 of variance.
Final number of components used for SVD: 1 explains 0.9969 of variance.
Final number of components used for SVD: 1 explains 0.9807 of variance.
Final number of components used for SVD: 1 explains 0.9937 of variance.
Final number of components used for SVD: 1 explains 0.9781 of variance.
Final number of components used for SVD: 1 explains 0.9964 of variance.
Final number of components used for SVD: 1 explains 0.9728 of variance.
Final number of components used for SVD: 1 explains 0.9968 of variance.
Final number of components used for SVD: 1 explains 0.9623 of variance.
Final number of components used for SVD: 1 explains 0.9969 of variance.
Final number of components used for SVD: 1 explains 0.9356 of variance.
Final number of components used for SVD: 1 explains 0.9940 of variance.
Final number of components used for SVD: 1 explains 0.9509 of variance.
Final number of components used for SVD: 1 explains 0.9941 of variance.
Final number of components used for SVD: 1 explains 0.8759 of variance.
Final number of components used for SVD: 1 explains 0.9770 of variance.
Final number of components used for SVD: 1 explains 0.9569 of variance.
Final number of components used for SVD: 1 explains 0.9943 of variance.
Final number of components used for SVD: 1 explains 0.8980 of variance.
Final number of components used for SVD: 1 explains 0.9826 of variance.
Final number of components used for SVD: 1 explains 0.8704 of variance.
Final number of components used for SVD: 1 explains 0.9416 of variance.
Final number of components used for SVD: 1 explains 0.9567 of variance.
Final number of components used for SVD: 1 explains 0.9944 of variance.
Final number of components used for SVD: 1 explains 0.8980 of variance.
Final number of components used for SVD: 1 explains 0.9806 of variance.
Final number of components used for SVD: 1 explains 0.8642 of variance.
Final number of components used for SVD: 1 explains 0.9572 of variance.
Final number of components used for SVD: 1 explains 0.9177 of variance.
Final number of components used for SVD: 1 explains 0.9869 of variance.
Final number of components used for SVD: 1 explains 0.9135 of variance.
Final number of components used for SVD: 1 explains 0.9827 of variance.
Final number of components used for SVD: 1 explains 0.9841 of variance.
Final number of components used for SVD: 1 explains 0.9953 of variance.
Final number of components used for SVD: 1 explains 0.8538 of variance.
Final number of components used for SVD: 1 explains 0.9761 of variance.
Final number of components used for SVD: 1 explains 0.9450 of variance.
Final number of components used for SVD: 1 explains 0.9899 of variance.
Final number of components used for SVD: 1 explains 0.9476 of variance.
Final number of components used for SVD: 1 explains 0.9850 of variance.
Final number of components used for SVD: 2 explains 0.9285 of variance.
Final number of components used for SVD: 1 explains 0.9684 of variance.
Final number of components used for SVD: 1 explains 0.9544 of variance.
Final number of components used for SVD: 1 explains 0.9924 of variance.
Final number of components used for SVD: 1 explains 0.9416 of variance.
Final number of components used for SVD: 1 explains 0.9849 of variance.
Final number of components used for SVD: 1 explains 0.8688 of variance.
Final number of components used for SVD: 1 explains 0.9548 of variance.
Final number of components used for SVD: 2 explains 0.9501 of variance.
Final number of components used for SVD: 1 explains 0.9641 of variance.
Final number of components used for SVD: 1 explains 0.9212 of variance.
Final number of components used for SVD: 1 explains 0.9878 of variance.
Final number of components used for SVD: 1 explains 0.9363 of variance.
Final number of components used for SVD: 1 explains 0.9855 of variance.
Final number of components used for SVD: 1 explains 0.9258 of variance.
Final number of components used for SVD: 1 explains 0.9769 of variance.
Final number of components used for SVD: 1 explains 0.8536 of variance.
Final number of components used for SVD: 1 explains 0.9816 of variance.
Final number of components used for SVD: 1 explains 0.9450 of variance.
Final number of components used for SVD: 1 explains 0.9898 of variance.
Final number of components used for SVD: 1 explains 0.9042 of variance.
Final number of components used for SVD: 1 explains 0.9712 of variance.
Final number of components used for SVD: 2 explains 0.9448 of variance.
Final number of components used for SVD: 1 explains 0.9747 of variance.
Final number of components used for SVD: 1 explains 0.9463 of variance.
Final number of components used for SVD: 1 explains 0.9910 of variance.
Final number of components used for SVD: 1 explains 0.9228 of variance.
Final number of components used for SVD: 1 explains 0.9803 of variance.
Final number of components used for SVD: 1 explains 0.8950 of variance.
Final number of components used for SVD: 1 explains 0.9636 of variance.
Final number of components used for SVD: 2 explains 0.9514 of variance.
Final number of components used for SVD: 1 explains 0.9649 of variance.
Final number of components used for SVD: 1 explains 0.8943 of variance.
Final number of components used for SVD: 1 explains 0.9850 of variance.
Final number of components used for SVD: 1 explains 0.9316 of variance.
Final number of components used for SVD: 1 explains 0.9840 of variance.
Final number of components used for SVD: 1 explains 0.9170 of variance.
Final number of components used for SVD: 1 explains 0.9725 of variance.
Final number of components used for SVD: 1 explains 0.8398 of variance.
Final number of components used for SVD: 1 explains 0.9799 of variance.
Final number of components used for SVD: 1 explains 0.9417 of variance.
Final number of components used for SVD: 1 explains 0.9886 of variance.
Final number of components used for SVD: 1 explains 0.9131 of variance.
Final number of components used for SVD: 1 explains 0.9741 of variance.
Final number of components used for SVD: 2 explains 0.9383 of variance.
Final number of components used for SVD: 1 explains 0.9752 of variance.
Final number of components used for SVD: 1 explains 0.9480 of variance.
Final number of components used for SVD: 1 explains 0.9901 of variance.
Final number of components used for SVD: 1 explains 0.9337 of variance.
Final number of components used for SVD: 1 explains 0.9822 of variance.
Final number of components used for SVD: 1 explains 0.9467 of variance.
Final number of components used for SVD: 1 explains 0.9844 of variance.
Final number of components used for SVD: 2 explains 0.9330 of variance.
Final number of components used for SVD: 1 explains 0.9644 of variance.
Final number of components used for SVD: 1 explains 0.9074 of variance.
Final number of components used for SVD: 1 explains 0.9837 of variance.
Final number of components used for SVD: 1 explains 0.9463 of variance.
Final number of components used for SVD: 1 explains 0.9863 of variance.
Final number of components used for SVD: 1 explains 0.9471 of variance.
Final number of components used for SVD: 1 explains 0.9813 of variance.
Final number of components used for SVD: 1 explains 0.8752 of variance.
Final number of components used for SVD: 1 explains 0.9816 of variance.
Final number of components used for SVD: 1 explains 0.9548 of variance.
Final number of components used for SVD: 1 explains 0.9902 of variance.
Final number of components used for SVD: 1 explains 0.9547 of variance.
Final number of components used for SVD: 1 explains 0.9852 of variance.
Final number of components used for SVD: 1 explains 0.9797 of variance.
Final number of components used for SVD: 1 explains 0.9926 of variance.
Final number of components used for SVD: 1 explains 0.8352 of variance.
Final number of components used for SVD: 1 explains 0.9823 of variance.
Final number of components used for SVD: 1 explains 0.9557 of variance.
Final number of components used for SVD: 1 explains 0.9906 of variance.
Final number of components used for SVD: 1 explains 0.9676 of variance.
Final number of components used for SVD: 1 explains 0.9905 of variance.
Final number of components used for SVD: 1 explains 0.9766 of variance.
Final number of components used for SVD: 1 explains 0.9916 of variance.
Final number of components used for SVD: 1 explains 0.8389 of variance.
Final number of components used for SVD: 1 explains 0.9855 of variance.
Final number of components used for SVD: 1 explains 0.9234 of variance.
Final number of components used for SVD: 1 explains 0.9849 of variance.
Final number of components used for SVD: 1 explains 0.9693 of variance.
Final number of components used for SVD: 1 explains 0.9915 of variance.
Final number of components used for SVD: 1 explains 0.9790 of variance.
Final number of components used for SVD: 1 explains 0.9911 of variance.
Final number of components used for SVD: 1 explains 0.8729 of variance.
Final number of components used for SVD: 1 explains 0.9780 of variance.
Final number of components used for SVD: 1 explains 0.9621 of variance.
Final number of components used for SVD: 1 explains 0.9907 of variance.
Final number of components used for SVD: 1 explains 0.9792 of variance.
Final number of components used for SVD: 1 explains 0.9920 of variance.
Final number of components used for SVD: 1 explains 0.9789 of variance.
Final number of components used for SVD: 1 explains 0.9922 of variance.
Final number of components used for SVD: 1 explains 0.8666 of variance.
Final number of components used for SVD: 1 explains 0.9779 of variance.
Final number of components used for SVD: 1 explains 0.9529 of variance.
Final number of components used for SVD: 1 explains 0.9894 of variance.
Final number of components used for SVD: 1 explains 0.9787 of variance.
Final number of components used for SVD: 1 explains 0.9930 of variance.
Final number of components used for SVD: 1 explains 0.9827 of variance.
Final number of components used for SVD: 1 explains 0.9925 of variance.
Final number of components used for SVD: 1 explains 0.9646 of variance.
Final number of components used for SVD: 1 explains 0.9956 of variance.
Final number of components used for SVD: 1 explains 0.9186 of variance.
Final number of components used for SVD: 1 explains 0.9834 of variance.
Final number of components used for SVD: 1 explains 0.9709 of variance.
Final number of components used for SVD: 1 explains 0.9918 of variance.
Final number of components used for SVD: 1 explains 0.9768 of variance.
Final number of components used for SVD: 1 explains 0.9917 of variance.
Final number of components used for SVD: 1 explains 0.9077 of variance.
Final number of components used for SVD: 1 explains 0.9794 of variance.
Final number of components used for SVD: 1 explains 0.9555 of variance.
Final number of components used for SVD: 1 explains 0.9884 of variance.
Final number of components used for SVD: 1 explains 0.9684 of variance.
Final number of components used for SVD: 1 explains 0.9904 of variance.
Final number of components used for SVD: 1 explains 0.9239 of variance.
Final number of components used for SVD: 1 explains 0.9847 of variance.
Final number of components used for SVD: 1 explains 0.9438 of variance.
Final number of components used for SVD: 1 explains 0.9873 of variance.
Final number of components used for SVD: 1 explains 0.9613 of variance.
Final number of components used for SVD: 1 explains 0.9894 of variance.
Final number of components used for SVD: 1 explains 0.9710 of variance.
Final number of components used for SVD: 1 explains 0.9908 of variance.
Final number of components used for SVD: 1 explains 0.9672 of variance.
Final number of components used for SVD: 1 explains 0.9950 of variance.
Final number of components used for SVD: 1 explains 0.9217 of variance.
Final number of components used for SVD: 1 explains 0.9837 of variance.
Final number of components used for SVD: 1 explains 0.9558 of variance.
Final number of components used for SVD: 1 explains 0.9883 of variance.
Final number of components used for SVD: 1 explains 0.9589 of variance.
Final number of components used for SVD: 1 explains 0.9859 of variance.
Final number of components used for SVD: 1 explains 0.9253 of variance.
Final number of components used for SVD: 1 explains 0.9831 of variance.
Final number of components used for SVD: 1 explains 0.9466 of variance.
Final number of components used for SVD: 1 explains 0.9866 of variance.
Final number of components used for SVD: 1 explains 0.9585 of variance.
Final number of components used for SVD: 1 explains 0.9855 of variance.
Final number of components used for SVD: 1 explains 0.9276 of variance.
Final number of components used for SVD: 1 explains 0.9865 of variance.
Final number of components used for SVD: 1 explains 0.9214 of variance.
Final number of components used for SVD: 1 explains 0.9834 of variance.
Final number of components used for SVD: 1 explains 0.9512 of variance.
Final number of components used for SVD: 1 explains 0.9855 of variance.
Final number of components used for SVD: 1 explains 0.9308 of variance.
Final number of components used for SVD: 1 explains 0.9791 of variance.
Final number of components used for SVD: 1 explains 0.9672 of variance.
Final number of components used for SVD: 1 explains 0.9950 of variance.
Final number of components used for SVD: 1 explains 0.9026 of variance.
Final number of components used for SVD: 1 explains 0.9813 of variance.
Final number of components used for SVD: 1 explains 0.9436 of variance.
Final number of components used for SVD: 1 explains 0.9850 of variance.
Final number of components used for SVD: 1 explains 0.9381 of variance.
Final number of components used for SVD: 1 explains 0.9795 of variance.
Final number of components used for SVD: 1 explains 0.9211 of variance.
Final number of components used for SVD: 1 explains 0.9833 of variance.
Final number of components used for SVD: 1 explains 0.9293 of variance.
Final number of components used for SVD: 1 explains 0.9827 of variance.
Final number of components used for SVD: 1 explains 0.9545 of variance.
Final number of components used for SVD: 1 explains 0.9841 of variance.
Final number of components used for SVD: 1 explains 0.9433 of variance.
Final number of components used for SVD: 1 explains 0.9865 of variance.
Final number of components used for SVD: 1 explains 0.8861 of variance.
Final number of components used for SVD: 1 explains 0.9791 of variance.
Final number of components used for SVD: 1 explains 0.9508 of variance.
Final number of components used for SVD: 1 explains 0.9839 of variance.
Final number of components used for SVD: 1 explains 0.9277 of variance.
Final number of components used for SVD: 1 explains 0.9834 of variance.
Final number of components used for SVD: 1 explains 0.8602 of variance.
Final number of components used for SVD: 1 explains 0.9791 of variance.
Final number of components used for SVD: 1 explains 0.9432 of variance.
Final number of components used for SVD: 1 explains 0.9845 of variance.
Final number of components used for SVD: 1 explains 0.9574 of variance.
Final number of components used for SVD: 1 explains 0.9883 of variance.
Final number of components used for SVD: 1 explains 0.9010 of variance.
Final number of components used for SVD: 1 explains 0.9840 of variance.
Final number of components used for SVD: 1 explains 0.9306 of variance.
Final number of components used for SVD: 1 explains 0.9829 of variance.
Final number of components used for SVD: 1 explains 0.9591 of variance.
Final number of components used for SVD: 1 explains 0.9880 of variance.
Final number of components used for SVD: 1 explains 0.9411 of variance.
Final number of components used for SVD: 1 explains 0.9909 of variance.
Final number of components used for SVD: 1 explains 0.9008 of variance.
Final number of components used for SVD: 1 explains 0.9824 of variance.
Final number of components used for SVD: 1 explains 0.9534 of variance.
Final number of components used for SVD: 1 explains 0.9850 of variance.
Final number of components used for SVD: 1 explains 0.9040 of variance.
Final number of components used for SVD: 1 explains 0.9884 of variance.
Final number of components used for SVD: 1 explains 0.9569 of variance.
Final number of components used for SVD: 1 explains 0.9869 of variance.
Final number of components used for SVD: 1 explains 0.9739 of variance.
Final number of components used for SVD: 1 explains 0.9968 of variance.
Final number of components used for SVD: 2 explains 0.9504 of variance.
Final number of components used for SVD: 1 explains 0.9726 of variance.
Final number of components used for SVD: 1 explains 0.9352 of variance.
Final number of components used for SVD: 1 explains 0.9828 of variance.
Final number of components used for SVD: 1 explains 0.9717 of variance.
Final number of components used for SVD: 1 explains 0.9881 of variance.
Final number of components used for SVD: 1 explains 0.9197 of variance.
Final number of components used for SVD: 1 explains 0.9835 of variance.
Final number of components used for SVD: 1 explains 0.9659 of variance.
Final number of components used for SVD: 1 explains 0.9885 of variance.
Final number of components used for SVD: 1 explains 0.8868 of variance.
Final number of components used for SVD: 1 explains 0.9884 of variance.
Final number of components used for SVD: 1 explains 0.9354 of variance.
Final number of components used for SVD: 1 explains 0.9864 of variance.
Final number of components used for SVD: 1 explains 0.9031 of variance.
Final number of components used for SVD: 1 explains 0.9567 of variance.
Final number of components used for SVD: 1 explains 0.8975 of variance.
Final number of components used for SVD: 1 explains 0.9812 of variance.
Final number of components used for SVD: 1 explains 0.9778 of variance.
Final number of components used for SVD: 1 explains 0.9919 of variance.
Final number of components used for SVD: 1 explains 0.9328 of variance.
Final number of components used for SVD: 1 explains 0.9898 of variance.
Final number of components used for SVD: 1 explains 0.9667 of variance.
Final number of components used for SVD: 1 explains 0.9944 of variance.
Final number of components used for SVD: 1 explains 0.8370 of variance.
Final number of components used for SVD: 1 explains 0.9953 of variance.
Final number of components used for SVD: 1 explains 0.9694 of variance.
Final number of components used for SVD: 1 explains 0.9909 of variance.
Final number of components used for SVD: 1 explains 0.9369 of variance.
Final number of components used for SVD: 1 explains 0.9948 of variance.
Final number of components used for SVD: 1 explains 0.9812 of variance.
Final number of components used for SVD: 1 explains 0.9967 of variance.
Final number of components used for SVD: 1 explains 0.9684 of variance.
Final number of components used for SVD: 1 explains 0.9959 of variance.
Final number of components used for SVD: 1 explains 0.9541 of variance.
Final number of components used for SVD: 1 explains 0.9946 of variance.
Final number of components used for SVD: 1 explains 0.9745 of variance.
Final number of components used for SVD: 1 explains 0.9972 of variance.
Final number of components used for SVD: 1 explains 0.8948 of variance.
Final number of components used for SVD: 1 explains 0.9894 of variance.
Final number of components used for SVD: 1 explains 0.9596 of variance.
Final number of components used for SVD: 1 explains 0.9948 of variance.
Final number of components used for SVD: 1 explains 0.9387 of variance.
Final number of components used for SVD: 1 explains 0.9916 of variance.
Final number of components used for SVD: 1 explains 0.8498 of variance.
Final number of components used for SVD: 1 explains 0.9682 of variance.
Final number of components used for SVD: 1 explains 0.9556 of variance.
Final number of components used for SVD: 1 explains 0.9944 of variance.
Final number of components used for SVD: 1 explains 0.8767 of variance.
Final number of components used for SVD: 1 explains 0.9800 of variance.
Final number of components used for SVD: 1 explains 0.8312 of variance.
Final number of components used for SVD: 1 explains 0.9518 of variance.
Final number of components used for SVD: 1 explains 0.9428 of variance.
Final number of components used for SVD: 1 explains 0.9929 of variance.
Final number of components used for SVD: 1 explains 0.8994 of variance.
Final number of components used for SVD: 1 explains 0.9820 of variance.
Final number of components used for SVD: 2 explains 0.9490 of variance.
Final number of components used for SVD: 1 explains 0.9630 of variance.
Final number of components used for SVD: 1 explains 0.8966 of variance.
Final number of components used for SVD: 1 explains 0.9855 of variance.
Final number of components used for SVD: 1 explains 0.9217 of variance.
Final number of components used for SVD: 1 explains 0.9844 of variance.
Processed 20.00% searchlights
Final number of components used for SVD: 1 explains 0.9702 of variance.
Final number of components used for SVD: 1 explains 0.9909 of variance.
Final number of components used for SVD: 1 explains 0.8368 of variance.
Final number of components used for SVD: 1 explains 0.9776 of variance.
Final number of components used for SVD: 1 explains 0.9488 of variance.
Final number of components used for SVD: 1 explains 0.9906 of variance.
Final number of components used for SVD: 1 explains 0.9332 of variance.
Final number of components used for SVD: 1 explains 0.9806 of variance.
Final number of components used for SVD: 2 explains 0.9461 of variance.
Final number of components used for SVD: 1 explains 0.9735 of variance.
Final number of components used for SVD: 1 explains 0.9484 of variance.
Final number of components used for SVD: 1 explains 0.9919 of variance.
Final number of components used for SVD: 1 explains 0.9363 of variance.
Final number of components used for SVD: 1 explains 0.9841 of variance.
Final number of components used for SVD: 1 explains 0.8562 of variance.
Final number of components used for SVD: 1 explains 0.9545 of variance.
Final number of components used for SVD: 2 explains 0.9409 of variance.
Final number of components used for SVD: 1 explains 0.9647 of variance.
Final number of components used for SVD: 1 explains 0.9133 of variance.
Final number of components used for SVD: 1 explains 0.9874 of variance.
Final number of components used for SVD: 1 explains 0.9373 of variance.
Final number of components used for SVD: 1 explains 0.9860 of variance.
Final number of components used for SVD: 1 explains 0.9208 of variance.
Final number of components used for SVD: 1 explains 0.9769 of variance.
Final number of components used for SVD: 1 explains 0.8400 of variance.
Final number of components used for SVD: 1 explains 0.9820 of variance.
Final number of components used for SVD: 1 explains 0.9478 of variance.
Final number of components used for SVD: 1 explains 0.9903 of variance.
Final number of components used for SVD: 1 explains 0.9070 of variance.
Final number of components used for SVD: 1 explains 0.9731 of variance.
Final number of components used for SVD: 2 explains 0.9542 of variance.
Final number of components used for SVD: 1 explains 0.9772 of variance.
Final number of components used for SVD: 1 explains 0.9429 of variance.
Final number of components used for SVD: 1 explains 0.9907 of variance.
Final number of components used for SVD: 1 explains 0.9260 of variance.
Final number of components used for SVD: 1 explains 0.9812 of variance.
Final number of components used for SVD: 1 explains 0.9209 of variance.
Final number of components used for SVD: 1 explains 0.9728 of variance.
Final number of components used for SVD: 2 explains 0.9432 of variance.
Final number of components used for SVD: 1 explains 0.9637 of variance.
Final number of components used for SVD: 1 explains 0.8967 of variance.
Final number of components used for SVD: 1 explains 0.9850 of variance.
Final number of components used for SVD: 1 explains 0.9311 of variance.
Final number of components used for SVD: 1 explains 0.9839 of variance.
Final number of components used for SVD: 1 explains 0.9234 of variance.
Final number of components used for SVD: 1 explains 0.9761 of variance.
Final number of components used for SVD: 1 explains 0.8510 of variance.
Final number of components used for SVD: 1 explains 0.9818 of variance.
Final number of components used for SVD: 1 explains 0.9433 of variance.
Final number of components used for SVD: 1 explains 0.9886 of variance.
Final number of components used for SVD: 1 explains 0.9222 of variance.
Final number of components used for SVD: 1 explains 0.9771 of variance.
Final number of components used for SVD: 1 explains 0.9550 of variance.
Final number of components used for SVD: 1 explains 0.9925 of variance.
Final number of components used for SVD: 2 explains 0.9464 of variance.
Final number of components used for SVD: 1 explains 0.9788 of variance.
Final number of components used for SVD: 1 explains 0.9489 of variance.
Final number of components used for SVD: 1 explains 0.9900 of variance.
Final number of components used for SVD: 1 explains 0.9370 of variance.
Final number of components used for SVD: 1 explains 0.9830 of variance.
Final number of components used for SVD: 1 explains 0.9578 of variance.
Final number of components used for SVD: 1 explains 0.9867 of variance.
Final number of components used for SVD: 2 explains 0.9388 of variance.
Final number of components used for SVD: 1 explains 0.9649 of variance.
Final number of components used for SVD: 1 explains 0.9145 of variance.
Final number of components used for SVD: 1 explains 0.9845 of variance.
Final number of components used for SVD: 1 explains 0.9467 of variance.
Final number of components used for SVD: 1 explains 0.9863 of variance.
Final number of components used for SVD: 1 explains 0.9533 of variance.
Final number of components used for SVD: 1 explains 0.9834 of variance.
Final number of components used for SVD: 1 explains 0.8896 of variance.
Final number of components used for SVD: 1 explains 0.9841 of variance.
Final number of components used for SVD: 1 explains 0.9567 of variance.
Final number of components used for SVD: 1 explains 0.9903 of variance.
Final number of components used for SVD: 1 explains 0.9580 of variance.
Final number of components used for SVD: 1 explains 0.9862 of variance.
Final number of components used for SVD: 1 explains 0.9704 of variance.
Final number of components used for SVD: 1 explains 0.9934 of variance.
Final number of components used for SVD: 1 explains 0.8577 of variance.
Final number of components used for SVD: 1 explains 0.9842 of variance.
Final number of components used for SVD: 1 explains 0.9578 of variance.
Final number of components used for SVD: 1 explains 0.9905 of variance.
Final number of components used for SVD: 1 explains 0.9687 of variance.
Final number of components used for SVD: 1 explains 0.9907 of variance.
Final number of components used for SVD: 1 explains 0.9799 of variance.
Final number of components used for SVD: 1 explains 0.9925 of variance.
Final number of components used for SVD: 2 explains 0.9613 of variance.
Final number of components used for SVD: 1 explains 0.9799 of variance.
Final number of components used for SVD: 1 explains 0.9298 of variance.
Final number of components used for SVD: 1 explains 0.9850 of variance.
Final number of components used for SVD: 1 explains 0.9691 of variance.
Final number of components used for SVD: 1 explains 0.9914 of variance.
Final number of components used for SVD: 1 explains 0.9813 of variance.
Final number of components used for SVD: 1 explains 0.9922 of variance.
Final number of components used for SVD: 1 explains 0.8964 of variance.
Final number of components used for SVD: 1 explains 0.9803 of variance.
Final number of components used for SVD: 1 explains 0.9628 of variance.
Final number of components used for SVD: 1 explains 0.9907 of variance.
Final number of components used for SVD: 1 explains 0.9801 of variance.
Final number of components used for SVD: 1 explains 0.9925 of variance.
Final number of components used for SVD: 1 explains 0.9732 of variance.
Final number of components used for SVD: 1 explains 0.9935 of variance.
Final number of components used for SVD: 1 explains 0.8969 of variance.
Final number of components used for SVD: 1 explains 0.9785 of variance.
Final number of components used for SVD: 1 explains 0.9569 of variance.
Final number of components used for SVD: 1 explains 0.9896 of variance.
Final number of components used for SVD: 1 explains 0.9791 of variance.
Final number of components used for SVD: 1 explains 0.9932 of variance.
Final number of components used for SVD: 1 explains 0.9841 of variance.
Final number of components used for SVD: 1 explains 0.9936 of variance.
