==== Job started on gpunode40 at Sat Nov 22 18:36:20 CET 2025 ====
SLURM_JOB_ID: 8528981
SLURM_SUBMIT_DIR: /home/dotr/paper/hyperalignment_rfMRI/main
SLURM_CPUS_PER_TASK: 12
SLURM_MEM_PER_NODE: 131072
SLURM_NTASKS: 1
data shape:  (2, 41, 48, 39, 1204)
Assuming input data has shape n_subjects x spatial xyz x dim5. Continue with preprocessing.
Preprocessing is done
Number of centers:  8528
Final number of components used for SVD: 1 explains 0.9649 of variance.
Final number of components used for SVD: 1 explains 0.9888 of variance.
Final number of components used for SVD: 1 explains 0.9468 of variance.
Final number of components used for SVD: 1 explains 0.9861 of variance.
Final number of components used for SVD: 1 explains 0.9690 of variance.
Final number of components used for SVD: 1 explains 0.9943 of variance.
Final number of components used for SVD: 1 explains 0.9400 of variance.
Final number of components used for SVD: 1 explains 0.9882 of variance.
Final number of components used for SVD: 1 explains 0.9359 of variance.
Final number of components used for SVD: 1 explains 0.9929 of variance.
Final number of components used for SVD: 1 explains 0.9164 of variance.
Final number of components used for SVD: 1 explains 0.9745 of variance.
Final number of components used for SVD: 1 explains 0.9010 of variance.
Final number of components used for SVD: 1 explains 0.9736 of variance.
Final number of components used for SVD: 1 explains 0.9860 of variance.
Final number of components used for SVD: 1 explains 0.9948 of variance.
Final number of components used for SVD: 1 explains 0.9615 of variance.
Final number of components used for SVD: 1 explains 0.9911 of variance.
Final number of components used for SVD: 1 explains 0.9536 of variance.
Final number of components used for SVD: 1 explains 0.9912 of variance.
Final number of components used for SVD: 1 explains 0.9371 of variance.
Final number of components used for SVD: 1 explains 0.9930 of variance.
Final number of components used for SVD: 1 explains 0.9257 of variance.
Final number of components used for SVD: 1 explains 0.9788 of variance.
Final number of components used for SVD: 1 explains 0.9343 of variance.
Final number of components used for SVD: 1 explains 0.9897 of variance.
Final number of components used for SVD: 1 explains 0.9016 of variance.
Final number of components used for SVD: 1 explains 0.9758 of variance.
Final number of components used for SVD: 1 explains 0.9851 of variance.
Final number of components used for SVD: 1 explains 0.9952 of variance.
Final number of components used for SVD: 1 explains 0.9512 of variance.
Final number of components used for SVD: 1 explains 0.9880 of variance.
Final number of components used for SVD: 1 explains 0.9465 of variance.
Final number of components used for SVD: 1 explains 0.9910 of variance.
Final number of components used for SVD: 1 explains 0.9312 of variance.
Final number of components used for SVD: 1 explains 0.9895 of variance.
Final number of components used for SVD: 1 explains 0.9322 of variance.
Final number of components used for SVD: 1 explains 0.9816 of variance.
Final number of components used for SVD: 1 explains 0.9086 of variance.
Final number of components used for SVD: 1 explains 0.9854 of variance.
Final number of components used for SVD: 1 explains 0.9041 of variance.
Final number of components used for SVD: 1 explains 0.9764 of variance.
Final number of components used for SVD: 1 explains 0.9841 of variance.
Final number of components used for SVD: 1 explains 0.9950 of variance.
Final number of components used for SVD: 1 explains 0.9448 of variance.
Final number of components used for SVD: 1 explains 0.9875 of variance.
Final number of components used for SVD: 1 explains 0.9499 of variance.
Final number of components used for SVD: 1 explains 0.9914 of variance.
Final number of components used for SVD: 1 explains 0.9398 of variance.
Final number of components used for SVD: 1 explains 0.9897 of variance.
Final number of components used for SVD: 1 explains 0.9355 of variance.
Final number of components used for SVD: 1 explains 0.9835 of variance.
Final number of components used for SVD: 1 explains 0.9244 of variance.
Final number of components used for SVD: 1 explains 0.9891 of variance.
Final number of components used for SVD: 1 explains 0.8764 of variance.
Final number of components used for SVD: 1 explains 0.9739 of variance.
Final number of components used for SVD: 1 explains 0.9833 of variance.
Final number of components used for SVD: 1 explains 0.9953 of variance.
Final number of components used for SVD: 1 explains 0.9257 of variance.
Final number of components used for SVD: 1 explains 0.9844 of variance.
Final number of components used for SVD: 1 explains 0.9511 of variance.
Final number of components used for SVD: 1 explains 0.9925 of variance.
Final number of components used for SVD: 1 explains 0.9200 of variance.
Final number of components used for SVD: 1 explains 0.9860 of variance.
Final number of components used for SVD: 1 explains 0.9497 of variance.
Final number of components used for SVD: 1 explains 0.9908 of variance.
Final number of components used for SVD: 1 explains 0.9333 of variance.
Final number of components used for SVD: 1 explains 0.9877 of variance.
Final number of components used for SVD: 1 explains 0.9234 of variance.
Final number of components used for SVD: 1 explains 0.9848 of variance.
Final number of components used for SVD: 1 explains 0.9655 of variance.
Final number of components used for SVD: 1 explains 0.9975 of variance.
Processed 5.01% searchlights
Final number of components used for SVD: 1 explains 0.9760 of variance.
Final number of components used for SVD: 1 explains 0.9959 of variance.
Final number of components used for SVD: 1 explains 0.9785 of variance.
Final number of components used for SVD: 1 explains 0.9966 of variance.
Final number of components used for SVD: 1 explains 0.9705 of variance.
Final number of components used for SVD: 1 explains 0.9970 of variance.
Final number of components used for SVD: 1 explains 0.9576 of variance.
Final number of components used for SVD: 1 explains 0.9892 of variance.
Final number of components used for SVD: 1 explains 0.9765 of variance.
Final number of components used for SVD: 1 explains 0.9910 of variance.
Final number of components used for SVD: 1 explains 0.9709 of variance.
Final number of components used for SVD: 1 explains 0.9899 of variance.
Final number of components used for SVD: 1 explains 0.9943 of variance.
Final number of components used for SVD: 1 explains 0.9963 of variance.
Final number of components used for SVD: 1 explains 0.9733 of variance.
Final number of components used for SVD: 1 explains 0.9937 of variance.
Final number of components used for SVD: 1 explains 0.9698 of variance.
Final number of components used for SVD: 1 explains 0.9863 of variance.
Final number of components used for SVD: 1 explains 0.9448 of variance.
Final number of components used for SVD: 1 explains 0.9907 of variance.
Final number of components used for SVD: 1 explains 0.9463 of variance.
Final number of components used for SVD: 1 explains 0.9797 of variance.
Final number of components used for SVD: 1 explains 0.9907 of variance.
Final number of components used for SVD: 1 explains 0.9956 of variance.
Final number of components used for SVD: 2 explains 0.9412 of variance.
Final number of components used for SVD: 1 explains 0.9788 of variance.
Final number of components used for SVD: 1 explains 0.9388 of variance.
Final number of components used for SVD: 1 explains 0.9826 of variance.
Final number of components used for SVD: 1 explains 0.9852 of variance.
Final number of components used for SVD: 1 explains 0.9948 of variance.
Final number of components used for SVD: 1 explains 0.9666 of variance.
Final number of components used for SVD: 1 explains 0.9916 of variance.
Final number of components used for SVD: 1 explains 0.9659 of variance.
Final number of components used for SVD: 1 explains 0.9889 of variance.
Final number of components used for SVD: 1 explains 0.9563 of variance.
Final number of components used for SVD: 1 explains 0.9917 of variance.
Final number of components used for SVD: 1 explains 0.9414 of variance.
Final number of components used for SVD: 1 explains 0.9818 of variance.
Final number of components used for SVD: 1 explains 0.9866 of variance.
Final number of components used for SVD: 1 explains 0.9919 of variance.
Final number of components used for SVD: 1 explains 0.8752 of variance.
Final number of components used for SVD: 1 explains 0.9804 of variance.
Final number of components used for SVD: 1 explains 0.9339 of variance.
Final number of components used for SVD: 1 explains 0.9831 of variance.
Final number of components used for SVD: 1 explains 0.9722 of variance.
Final number of components used for SVD: 1 explains 0.9929 of variance.
Final number of components used for SVD: 1 explains 0.9594 of variance.
Final number of components used for SVD: 1 explains 0.9897 of variance.
Final number of components used for SVD: 1 explains 0.9585 of variance.
Final number of components used for SVD: 1 explains 0.9901 of variance.
Final number of components used for SVD: 1 explains 0.9481 of variance.
Final number of components used for SVD: 1 explains 0.9894 of variance.
Final number of components used for SVD: 1 explains 0.9434 of variance.
Final number of components used for SVD: 1 explains 0.9847 of variance.
Final number of components used for SVD: 1 explains 0.9790 of variance.
Final number of components used for SVD: 1 explains 0.9909 of variance.
Final number of components used for SVD: 1 explains 0.8702 of variance.
Final number of components used for SVD: 1 explains 0.9809 of variance.
Final number of components used for SVD: 1 explains 0.9271 of variance.
Final number of components used for SVD: 1 explains 0.9833 of variance.
Final number of components used for SVD: 1 explains 0.9756 of variance.
Final number of components used for SVD: 1 explains 0.9929 of variance.
Final number of components used for SVD: 1 explains 0.9453 of variance.
Final number of components used for SVD: 1 explains 0.9879 of variance.
Final number of components used for SVD: 1 explains 0.9663 of variance.
Final number of components used for SVD: 1 explains 0.9919 of variance.
Final number of components used for SVD: 1 explains 0.9408 of variance.
Final number of components used for SVD: 1 explains 0.9884 of variance.
Final number of components used for SVD: 1 explains 0.9573 of variance.
Final number of components used for SVD: 1 explains 0.9887 of variance.
Final number of components used for SVD: 1 explains 0.9732 of variance.
Final number of components used for SVD: 1 explains 0.9906 of variance.
Final number of components used for SVD: 1 explains 0.9035 of variance.
Final number of components used for SVD: 1 explains 0.9848 of variance.
Final number of components used for SVD: 1 explains 0.9342 of variance.
Final number of components used for SVD: 1 explains 0.9845 of variance.
Final number of components used for SVD: 1 explains 0.9807 of variance.
Final number of components used for SVD: 1 explains 0.9940 of variance.
Final number of components used for SVD: 1 explains 0.9447 of variance.
Final number of components used for SVD: 1 explains 0.9875 of variance.
Final number of components used for SVD: 1 explains 0.9723 of variance.
Final number of components used for SVD: 1 explains 0.9929 of variance.
Final number of components used for SVD: 1 explains 0.9457 of variance.
Final number of components used for SVD: 1 explains 0.9896 of variance.
Final number of components used for SVD: 1 explains 0.9711 of variance.
Final number of components used for SVD: 1 explains 0.9930 of variance.
Final number of components used for SVD: 1 explains 0.9806 of variance.
Final number of components used for SVD: 1 explains 0.9870 of variance.
Final number of components used for SVD: 1 explains 0.9206 of variance.
Final number of components used for SVD: 1 explains 0.9878 of variance.
Final number of components used for SVD: 1 explains 0.9597 of variance.
Final number of components used for SVD: 1 explains 0.9913 of variance.
Final number of components used for SVD: 1 explains 0.9873 of variance.
Final number of components used for SVD: 1 explains 0.9961 of variance.
Final number of components used for SVD: 1 explains 0.9337 of variance.
Final number of components used for SVD: 1 explains 0.9873 of variance.
Final number of components used for SVD: 1 explains 0.9816 of variance.
Final number of components used for SVD: 1 explains 0.9957 of variance.
Final number of components used for SVD: 1 explains 0.9027 of variance.
Final number of components used for SVD: 1 explains 0.9913 of variance.
Final number of components used for SVD: 1 explains 0.9800 of variance.
Final number of components used for SVD: 1 explains 0.9945 of variance.
Final number of components used for SVD: 1 explains 0.9631 of variance.
Final number of components used for SVD: 1 explains 0.9921 of variance.
Final number of components used for SVD: 1 explains 0.9913 of variance.
Final number of components used for SVD: 1 explains 0.9971 of variance.
Final number of components used for SVD: 1 explains 0.8681 of variance.
Final number of components used for SVD: 1 explains 0.9913 of variance.
Final number of components used for SVD: 1 explains 0.9924 of variance.
Final number of components used for SVD: 1 explains 0.9968 of variance.
Final number of components used for SVD: 1 explains 0.9741 of variance.
Final number of components used for SVD: 1 explains 0.9902 of variance.
Final number of components used for SVD: 1 explains 0.9373 of variance.
Final number of components used for SVD: 1 explains 0.9925 of variance.
Final number of components used for SVD: 1 explains 0.9613 of variance.
Final number of components used for SVD: 1 explains 0.9922 of variance.
Final number of components used for SVD: 1 explains 0.9601 of variance.
Final number of components used for SVD: 1 explains 0.9870 of variance.
Final number of components used for SVD: 1 explains 0.9614 of variance.
Final number of components used for SVD: 1 explains 0.9931 of variance.
Final number of components used for SVD: 1 explains 0.9609 of variance.
Final number of components used for SVD: 1 explains 0.9934 of variance.
Final number of components used for SVD: 1 explains 0.9393 of variance.
Final number of components used for SVD: 1 explains 0.9875 of variance.
Final number of components used for SVD: 1 explains 0.9665 of variance.
Final number of components used for SVD: 1 explains 0.9902 of variance.
Final number of components used for SVD: 1 explains 0.9956 of variance.
Final number of components used for SVD: 1 explains 0.9965 of variance.
Final number of components used for SVD: 1 explains 0.8190 of variance.
Final number of components used for SVD: 1 explains 0.9590 of variance.
Final number of components used for SVD: 1 explains 0.9665 of variance.
Final number of components used for SVD: 1 explains 0.9905 of variance.
Final number of components used for SVD: 1 explains 0.9857 of variance.
Final number of components used for SVD: 1 explains 0.9908 of variance.
Final number of components used for SVD: 1 explains 0.9625 of variance.
Final number of components used for SVD: 1 explains 0.9924 of variance.
Final number of components used for SVD: 1 explains 0.9613 of variance.
Final number of components used for SVD: 1 explains 0.9848 of variance.
Final number of components used for SVD: 1 explains 0.9154 of variance.
Final number of components used for SVD: 1 explains 0.9853 of variance.
Final number of components used for SVD: 1 explains 0.9510 of variance.
Final number of components used for SVD: 1 explains 0.9833 of variance.
Final number of components used for SVD: 1 explains 0.9944 of variance.
Final number of components used for SVD: 1 explains 0.9952 of variance.
Final number of components used for SVD: 2 explains 0.9651 of variance.
Final number of components used for SVD: 1 explains 0.9747 of variance.
Final number of components used for SVD: 1 explains 0.9422 of variance.
Final number of components used for SVD: 1 explains 0.9861 of variance.
Final number of components used for SVD: 1 explains 0.9834 of variance.
Final number of components used for SVD: 1 explains 0.9914 of variance.
Final number of components used for SVD: 1 explains 0.9588 of variance.
Final number of components used for SVD: 1 explains 0.9914 of variance.
Final number of components used for SVD: 1 explains 0.9640 of variance.
Final number of components used for SVD: 1 explains 0.9865 of variance.
Final number of components used for SVD: 1 explains 0.9337 of variance.
Final number of components used for SVD: 1 explains 0.9871 of variance.
Final number of components used for SVD: 1 explains 0.9492 of variance.
Final number of components used for SVD: 1 explains 0.9841 of variance.
Final number of components used for SVD: 1 explains 0.9844 of variance.
Final number of components used for SVD: 1 explains 0.9869 of variance.
Final number of components used for SVD: 1 explains 0.8408 of variance.
Final number of components used for SVD: 1 explains 0.9751 of variance.
Final number of components used for SVD: 1 explains 0.9446 of variance.
Final number of components used for SVD: 1 explains 0.9869 of variance.
Final number of components used for SVD: 1 explains 0.9744 of variance.
Final number of components used for SVD: 1 explains 0.9889 of variance.
Final number of components used for SVD: 2 explains 0.9197 of variance.
Final number of components used for SVD: 1 explains 0.9122 of variance.
Final number of components used for SVD: 1 explains 0.9550 of variance.
Final number of components used for SVD: 1 explains 0.9903 of variance.
Final number of components used for SVD: 1 explains 0.9669 of variance.
Final number of components used for SVD: 1 explains 0.9891 of variance.
Final number of components used for SVD: 1 explains 0.9323 of variance.
Final number of components used for SVD: 1 explains 0.9867 of variance.
Final number of components used for SVD: 1 explains 0.9592 of variance.
Final number of components used for SVD: 1 explains 0.9878 of variance.
Final number of components used for SVD: 1 explains 0.9763 of variance.
Final number of components used for SVD: 1 explains 0.9861 of variance.
Final number of components used for SVD: 1 explains 0.8480 of variance.
Final number of components used for SVD: 1 explains 0.9772 of variance.
Final number of components used for SVD: 1 explains 0.9424 of variance.
Final number of components used for SVD: 1 explains 0.9869 of variance.
Final number of components used for SVD: 1 explains 0.9777 of variance.
Final number of components used for SVD: 1 explains 0.9906 of variance.
Final number of components used for SVD: 1 explains 0.8727 of variance.
Final number of components used for SVD: 1 explains 0.9843 of variance.
Final number of components used for SVD: 1 explains 0.9403 of variance.
Final number of components used for SVD: 1 explains 0.9879 of variance.
Final number of components used for SVD: 1 explains 0.9743 of variance.
Final number of components used for SVD: 1 explains 0.9914 of variance.
Final number of components used for SVD: 1 explains 0.9155 of variance.
Final number of components used for SVD: 1 explains 0.9851 of variance.
Final number of components used for SVD: 1 explains 0.9686 of variance.
Final number of components used for SVD: 1 explains 0.9907 of variance.
Final number of components used for SVD: 1 explains 0.9766 of variance.
Final number of components used for SVD: 1 explains 0.9885 of variance.
Final number of components used for SVD: 1 explains 0.8576 of variance.
Final number of components used for SVD: 1 explains 0.9766 of variance.
Final number of components used for SVD: 1 explains 0.9443 of variance.
Final number of components used for SVD: 1 explains 0.9863 of variance.
Final number of components used for SVD: 1 explains 0.9819 of variance.
Final number of components used for SVD: 1 explains 0.9921 of variance.
Final number of components used for SVD: 1 explains 0.8727 of variance.
Final number of components used for SVD: 1 explains 0.9843 of variance.
Final number of components used for SVD: 1 explains 0.9396 of variance.
Final number of components used for SVD: 1 explains 0.9868 of variance.
Final number of components used for SVD: 1 explains 0.9684 of variance.
Final number of components used for SVD: 1 explains 0.9901 of variance.
Final number of components used for SVD: 1 explains 0.9229 of variance.
Final number of components used for SVD: 1 explains 0.9856 of variance.
Final number of components used for SVD: 1 explains 0.9614 of variance.
Final number of components used for SVD: 1 explains 0.9906 of variance.
Final number of components used for SVD: 1 explains 0.9847 of variance.
Final number of components used for SVD: 1 explains 0.9900 of variance.
Final number of components used for SVD: 1 explains 0.8835 of variance.
Final number of components used for SVD: 1 explains 0.9761 of variance.
Final number of components used for SVD: 1 explains 0.9432 of variance.
Final number of components used for SVD: 1 explains 0.9886 of variance.
Final number of components used for SVD: 1 explains 0.9810 of variance.
Final number of components used for SVD: 1 explains 0.9938 of variance.
Final number of components used for SVD: 1 explains 0.8698 of variance.
Final number of components used for SVD: 1 explains 0.9858 of variance.
Final number of components used for SVD: 1 explains 0.9188 of variance.
Final number of components used for SVD: 1 explains 0.9848 of variance.
Final number of components used for SVD: 1 explains 0.9392 of variance.
Final number of components used for SVD: 1 explains 0.9900 of variance.
Final number of components used for SVD: 1 explains 0.8681 of variance.
Final number of components used for SVD: 1 explains 0.9833 of variance.
Final number of components used for SVD: 1 explains 0.9366 of variance.
Final number of components used for SVD: 1 explains 0.9884 of variance.
Final number of components used for SVD: 1 explains 0.9873 of variance.
Final number of components used for SVD: 1 explains 0.9966 of variance.
Final number of components used for SVD: 1 explains 0.8544 of variance.
Final number of components used for SVD: 1 explains 0.9716 of variance.
Final number of components used for SVD: 1 explains 0.9178 of variance.
Final number of components used for SVD: 1 explains 0.9845 of variance.
Final number of components used for SVD: 1 explains 0.9656 of variance.
Final number of components used for SVD: 1 explains 0.9917 of variance.
Final number of components used for SVD: 1 explains 0.8758 of variance.
Final number of components used for SVD: 1 explains 0.9795 of variance.
Final number of components used for SVD: 1 explains 0.9115 of variance.
Final number of components used for SVD: 1 explains 0.9831 of variance.
Final number of components used for SVD: 1 explains 0.9236 of variance.
Final number of components used for SVD: 1 explains 0.9818 of variance.
Final number of components used for SVD: 1 explains 0.9043 of variance.
Final number of components used for SVD: 1 explains 0.9812 of variance.
Final number of components used for SVD: 1 explains 0.9376 of variance.
Final number of components used for SVD: 1 explains 0.9849 of variance.
Final number of components used for SVD: 1 explains 0.9879 of variance.
Final number of components used for SVD: 1 explains 0.9969 of variance.
Final number of components used for SVD: 1 explains 0.9948 of variance.
Final number of components used for SVD: 1 explains 0.9975 of variance.
Final number of components used for SVD: 1 explains 0.9954 of variance.
Final number of components used for SVD: 1 explains 0.9981 of variance.
Final number of components used for SVD: 1 explains 0.9917 of variance.
Final number of components used for SVD: 1 explains 0.9977 of variance.
Processed 10.00% searchlights
Final number of components used for SVD: 1 explains 0.9475 of variance.
Final number of components used for SVD: 1 explains 0.9914 of variance.
Final number of components used for SVD: 1 explains 0.9434 of variance.
Final number of components used for SVD: 1 explains 0.9932 of variance.
Final number of components used for SVD: 1 explains 0.9633 of variance.
Final number of components used for SVD: 1 explains 0.9920 of variance.
Final number of components used for SVD: 1 explains 0.9678 of variance.
Final number of components used for SVD: 1 explains 0.9893 of variance.
Final number of components used for SVD: 1 explains 0.9312 of variance.
Final number of components used for SVD: 1 explains 0.9866 of variance.
Final number of components used for SVD: 1 explains 0.9425 of variance.
Final number of components used for SVD: 1 explains 0.9505 of variance.
Final number of components used for SVD: 1 explains 0.9455 of variance.
Final number of components used for SVD: 1 explains 0.9885 of variance.
Final number of components used for SVD: 1 explains 0.9537 of variance.
Final number of components used for SVD: 1 explains 0.9889 of variance.
Final number of components used for SVD: 1 explains 0.8387 of variance.
Final number of components used for SVD: 1 explains 0.9683 of variance.
Final number of components used for SVD: 1 explains 0.9461 of variance.
Final number of components used for SVD: 1 explains 0.9900 of variance.
Final number of components used for SVD: 1 explains 0.9577 of variance.
Final number of components used for SVD: 1 explains 0.9916 of variance.
Final number of components used for SVD: 1 explains 0.9286 of variance.
Final number of components used for SVD: 1 explains 0.9860 of variance.
Final number of components used for SVD: 1 explains 0.9534 of variance.
Final number of components used for SVD: 1 explains 0.9880 of variance.
Final number of components used for SVD: 1 explains 0.9700 of variance.
Final number of components used for SVD: 1 explains 0.9874 of variance.
Final number of components used for SVD: 1 explains 0.8396 of variance.
Final number of components used for SVD: 1 explains 0.9702 of variance.
Final number of components used for SVD: 1 explains 0.9544 of variance.
Final number of components used for SVD: 1 explains 0.9889 of variance.
Final number of components used for SVD: 1 explains 0.9591 of variance.
Final number of components used for SVD: 1 explains 0.9821 of variance.
Final number of components used for SVD: 1 explains 0.8052 of variance.
Final number of components used for SVD: 1 explains 0.9729 of variance.
Final number of components used for SVD: 1 explains 0.9461 of variance.
Final number of components used for SVD: 1 explains 0.9901 of variance.
Final number of components used for SVD: 1 explains 0.9469 of variance.
Final number of components used for SVD: 1 explains 0.9835 of variance.
Final number of components used for SVD: 1 explains 0.9509 of variance.
Final number of components used for SVD: 1 explains 0.9734 of variance.
Final number of components used for SVD: 1 explains 0.8941 of variance.
Final number of components used for SVD: 1 explains 0.9823 of variance.
Final number of components used for SVD: 1 explains 0.9434 of variance.
Final number of components used for SVD: 1 explains 0.9840 of variance.
Final number of components used for SVD: 1 explains 0.9794 of variance.
Final number of components used for SVD: 1 explains 0.9854 of variance.
Final number of components used for SVD: 2 explains 0.9562 of variance.
Final number of components used for SVD: 1 explains 0.9694 of variance.
Final number of components used for SVD: 1 explains 0.9394 of variance.
Final number of components used for SVD: 1 explains 0.9868 of variance.
Final number of components used for SVD: 1 explains 0.9654 of variance.
Final number of components used for SVD: 1 explains 0.9837 of variance.
Final number of components used for SVD: 2 explains 0.9268 of variance.
Final number of components used for SVD: 1 explains 0.9689 of variance.
Final number of components used for SVD: 1 explains 0.9483 of variance.
Final number of components used for SVD: 1 explains 0.9902 of variance.
Final number of components used for SVD: 1 explains 0.9545 of variance.
Final number of components used for SVD: 1 explains 0.9852 of variance.
Final number of components used for SVD: 1 explains 0.9462 of variance.
Final number of components used for SVD: 1 explains 0.9882 of variance.
Final number of components used for SVD: 1 explains 0.9195 of variance.
Final number of components used for SVD: 1 explains 0.9837 of variance.
Final number of components used for SVD: 1 explains 0.9483 of variance.
Final number of components used for SVD: 1 explains 0.9853 of variance.
Final number of components used for SVD: 1 explains 0.9651 of variance.
Final number of components used for SVD: 1 explains 0.9805 of variance.
Final number of components used for SVD: 1 explains 0.8127 of variance.
Final number of components used for SVD: 1 explains 0.9683 of variance.
Final number of components used for SVD: 1 explains 0.9486 of variance.
Final number of components used for SVD: 1 explains 0.9885 of variance.
Final number of components used for SVD: 1 explains 0.9668 of variance.
Final number of components used for SVD: 1 explains 0.9862 of variance.
Final number of components used for SVD: 2 explains 0.9015 of variance.
Final number of components used for SVD: 1 explains 0.9637 of variance.
Final number of components used for SVD: 1 explains 0.9524 of variance.
Final number of components used for SVD: 1 explains 0.9905 of variance.
Final number of components used for SVD: 1 explains 0.9675 of variance.
Final number of components used for SVD: 1 explains 0.9898 of variance.
Final number of components used for SVD: 1 explains 0.9541 of variance.
Final number of components used for SVD: 1 explains 0.9880 of variance.
Final number of components used for SVD: 1 explains 0.9264 of variance.
Final number of components used for SVD: 1 explains 0.9862 of variance.
Final number of components used for SVD: 1 explains 0.9643 of variance.
Final number of components used for SVD: 1 explains 0.9897 of variance.
Final number of components used for SVD: 1 explains 0.9698 of variance.
Final number of components used for SVD: 1 explains 0.9869 of variance.
Final number of components used for SVD: 1 explains 0.8245 of variance.
Final number of components used for SVD: 1 explains 0.9728 of variance.
Final number of components used for SVD: 1 explains 0.9497 of variance.
Final number of components used for SVD: 1 explains 0.9889 of variance.
Final number of components used for SVD: 1 explains 0.9770 of variance.
Final number of components used for SVD: 1 explains 0.9910 of variance.
Final number of components used for SVD: 1 explains 0.8667 of variance.
Final number of components used for SVD: 1 explains 0.9786 of variance.
Final number of components used for SVD: 1 explains 0.9423 of variance.
Final number of components used for SVD: 1 explains 0.9891 of variance.
Final number of components used for SVD: 1 explains 0.9776 of variance.
Final number of components used for SVD: 1 explains 0.9925 of variance.
Final number of components used for SVD: 1 explains 0.9667 of variance.
Final number of components used for SVD: 1 explains 0.9903 of variance.
Final number of components used for SVD: 1 explains 0.9154 of variance.
Final number of components used for SVD: 1 explains 0.9854 of variance.
Final number of components used for SVD: 1 explains 0.9710 of variance.
Final number of components used for SVD: 1 explains 0.9914 of variance.
Final number of components used for SVD: 1 explains 0.9732 of variance.
Final number of components used for SVD: 1 explains 0.9901 of variance.
Final number of components used for SVD: 1 explains 0.8622 of variance.
Final number of components used for SVD: 1 explains 0.9763 of variance.
Final number of components used for SVD: 1 explains 0.9477 of variance.
Final number of components used for SVD: 1 explains 0.9872 of variance.
Final number of components used for SVD: 1 explains 0.9758 of variance.
Final number of components used for SVD: 1 explains 0.9914 of variance.
Final number of components used for SVD: 1 explains 0.8632 of variance.
Final number of components used for SVD: 1 explains 0.9765 of variance.
Final number of components used for SVD: 1 explains 0.9332 of variance.
Final number of components used for SVD: 1 explains 0.9872 of variance.
Final number of components used for SVD: 1 explains 0.9618 of variance.
Final number of components used for SVD: 1 explains 0.9893 of variance.
Final number of components used for SVD: 1 explains 0.9459 of variance.
Final number of components used for SVD: 1 explains 0.9935 of variance.
Final number of components used for SVD: 1 explains 0.9087 of variance.
Final number of components used for SVD: 1 explains 0.9848 of variance.
Final number of components used for SVD: 1 explains 0.9514 of variance.
Final number of components used for SVD: 1 explains 0.9884 of variance.
Final number of components used for SVD: 1 explains 0.9732 of variance.
Final number of components used for SVD: 1 explains 0.9903 of variance.
Final number of components used for SVD: 1 explains 0.8917 of variance.
Final number of components used for SVD: 1 explains 0.9806 of variance.
Final number of components used for SVD: 1 explains 0.9349 of variance.
Final number of components used for SVD: 1 explains 0.9868 of variance.
Final number of components used for SVD: 1 explains 0.9679 of variance.
Final number of components used for SVD: 1 explains 0.9898 of variance.
Final number of components used for SVD: 1 explains 0.8583 of variance.
Final number of components used for SVD: 1 explains 0.9778 of variance.
Final number of components used for SVD: 1 explains 0.9077 of variance.
Final number of components used for SVD: 1 explains 0.9844 of variance.
Final number of components used for SVD: 1 explains 0.9367 of variance.
Final number of components used for SVD: 1 explains 0.9866 of variance.
Final number of components used for SVD: 1 explains 0.8560 of variance.
Final number of components used for SVD: 1 explains 0.9796 of variance.
Final number of components used for SVD: 1 explains 0.9274 of variance.
Final number of components used for SVD: 1 explains 0.9847 of variance.
Final number of components used for SVD: 1 explains 0.9718 of variance.
Final number of components used for SVD: 1 explains 0.9927 of variance.
Final number of components used for SVD: 1 explains 0.8614 of variance.
Final number of components used for SVD: 1 explains 0.9828 of variance.
Final number of components used for SVD: 1 explains 0.9232 of variance.
Final number of components used for SVD: 1 explains 0.9831 of variance.
Final number of components used for SVD: 1 explains 0.9517 of variance.
Final number of components used for SVD: 1 explains 0.9846 of variance.
Final number of components used for SVD: 2 explains 0.9194 of variance.
Final number of components used for SVD: 1 explains 0.9691 of variance.
Final number of components used for SVD: 1 explains 0.8857 of variance.
Final number of components used for SVD: 1 explains 0.9815 of variance.
Final number of components used for SVD: 1 explains 0.9316 of variance.
Final number of components used for SVD: 1 explains 0.9798 of variance.
Final number of components used for SVD: 1 explains 0.8485 of variance.
Final number of components used for SVD: 1 explains 0.9805 of variance.
Final number of components used for SVD: 1 explains 0.9271 of variance.
Final number of components used for SVD: 1 explains 0.9819 of variance.
Final number of components used for SVD: 2 explains 0.9653 of variance.
Final number of components used for SVD: 1 explains 0.9704 of variance.
Final number of components used for SVD: 1 explains 0.9515 of variance.
Final number of components used for SVD: 1 explains 0.9849 of variance.
Final number of components used for SVD: 1 explains 0.9429 of variance.
Final number of components used for SVD: 1 explains 0.9855 of variance.
Final number of components used for SVD: 1 explains 0.9436 of variance.
Final number of components used for SVD: 1 explains 0.9869 of variance.
Final number of components used for SVD: 1 explains 0.9773 of variance.
Final number of components used for SVD: 1 explains 0.9916 of variance.
Final number of components used for SVD: 1 explains 0.9791 of variance.
Final number of components used for SVD: 1 explains 0.9933 of variance.
Final number of components used for SVD: 1 explains 0.9810 of variance.
Final number of components used for SVD: 1 explains 0.9911 of variance.
Final number of components used for SVD: 1 explains 0.9790 of variance.
Final number of components used for SVD: 1 explains 0.9909 of variance.
Final number of components used for SVD: 1 explains 0.9719 of variance.
Final number of components used for SVD: 1 explains 0.9935 of variance.
Final number of components used for SVD: 1 explains 0.9786 of variance.
Final number of components used for SVD: 1 explains 0.9909 of variance.
Final number of components used for SVD: 1 explains 0.9601 of variance.
Final number of components used for SVD: 1 explains 0.9938 of variance.
Final number of components used for SVD: 1 explains 0.8659 of variance.
Final number of components used for SVD: 1 explains 0.9954 of variance.
Final number of components used for SVD: 1 explains 0.9066 of variance.
Final number of components used for SVD: 1 explains 0.9905 of variance.
Final number of components used for SVD: 1 explains 0.9428 of variance.
Final number of components used for SVD: 1 explains 0.9902 of variance.
Final number of components used for SVD: 1 explains 0.9432 of variance.
Final number of components used for SVD: 1 explains 0.9909 of variance.
Final number of components used for SVD: 2 explains 0.9360 of variance.
Final number of components used for SVD: 1 explains 0.9173 of variance.
Final number of components used for SVD: 1 explains 0.9571 of variance.
Final number of components used for SVD: 1 explains 0.9947 of variance.
Final number of components used for SVD: 1 explains 0.9549 of variance.
Final number of components used for SVD: 1 explains 0.9845 of variance.
Final number of components used for SVD: 1 explains 0.9424 of variance.
Final number of components used for SVD: 1 explains 0.9868 of variance.
Final number of components used for SVD: 1 explains 0.9254 of variance.
Final number of components used for SVD: 1 explains 0.9813 of variance.
Final number of components used for SVD: 1 explains 0.9763 of variance.
Final number of components used for SVD: 1 explains 0.9953 of variance.
Final number of components used for SVD: 1 explains 0.8904 of variance.
Final number of components used for SVD: 1 explains 0.9695 of variance.
Final number of components used for SVD: 1 explains 0.9444 of variance.
Final number of components used for SVD: 1 explains 0.9876 of variance.
Final number of components used for SVD: 1 explains 0.9554 of variance.
Final number of components used for SVD: 1 explains 0.9877 of variance.
Final number of components used for SVD: 2 explains 0.9046 of variance.
Final number of components used for SVD: 1 explains 0.9589 of variance.
Final number of components used for SVD: 1 explains 0.9552 of variance.
Final number of components used for SVD: 1 explains 0.9913 of variance.
Final number of components used for SVD: 1 explains 0.9572 of variance.
Final number of components used for SVD: 1 explains 0.9883 of variance.
Final number of components used for SVD: 1 explains 0.9282 of variance.
Final number of components used for SVD: 1 explains 0.9874 of variance.
Final number of components used for SVD: 1 explains 0.9499 of variance.
Final number of components used for SVD: 1 explains 0.9862 of variance.
Final number of components used for SVD: 1 explains 0.9515 of variance.
Final number of components used for SVD: 1 explains 0.9828 of variance.
Final number of components used for SVD: 1 explains 0.8549 of variance.
Final number of components used for SVD: 1 explains 0.9794 of variance.
Final number of components used for SVD: 1 explains 0.9493 of variance.
Final number of components used for SVD: 1 explains 0.9886 of variance.
Final number of components used for SVD: 1 explains 0.9330 of variance.
Final number of components used for SVD: 1 explains 0.9739 of variance.
Final number of components used for SVD: 2 explains 0.8972 of variance.
Final number of components used for SVD: 1 explains 0.9658 of variance.
Final number of components used for SVD: 1 explains 0.9456 of variance.
Final number of components used for SVD: 1 explains 0.9902 of variance.
Final number of components used for SVD: 1 explains 0.9335 of variance.
Final number of components used for SVD: 1 explains 0.9801 of variance.
Final number of components used for SVD: 1 explains 0.9059 of variance.
Final number of components used for SVD: 1 explains 0.9492 of variance.
Final number of components used for SVD: 1 explains 0.8953 of variance.
Final number of components used for SVD: 1 explains 0.9835 of variance.
Final number of components used for SVD: 1 explains 0.9392 of variance.
Final number of components used for SVD: 1 explains 0.9838 of variance.
Final number of components used for SVD: 1 explains 0.9436 of variance.
Final number of components used for SVD: 1 explains 0.9722 of variance.
Final number of components used for SVD: 1 explains 0.8101 of variance.
Final number of components used for SVD: 1 explains 0.9753 of variance.
Final number of components used for SVD: 1 explains 0.9428 of variance.
Final number of components used for SVD: 1 explains 0.9877 of variance.
Final number of components used for SVD: 1 explains 0.9353 of variance.
Final number of components used for SVD: 1 explains 0.9743 of variance.
Final number of components used for SVD: 2 explains 0.8937 of variance.
Final number of components used for SVD: 1 explains 0.9634 of variance.
Final number of components used for SVD: 1 explains 0.9496 of variance.
Final number of components used for SVD: 1 explains 0.9904 of variance.
Final number of components used for SVD: 1 explains 0.9420 of variance.
Final number of components used for SVD: 1 explains 0.9823 of variance.
Final number of components used for SVD: 1 explains 0.9302 of variance.
Final number of components used for SVD: 1 explains 0.9770 of variance.
Final number of components used for SVD: 1 explains 0.9099 of variance.
Final number of components used for SVD: 1 explains 0.9830 of variance.
Final number of components used for SVD: 1 explains 0.9489 of variance.
Final number of components used for SVD: 1 explains 0.9860 of variance.
Final number of components used for SVD: 1 explains 0.9429 of variance.
Final number of components used for SVD: 1 explains 0.9740 of variance.
Final number of components used for SVD: 1 explains 0.8281 of variance.
Final number of components used for SVD: 1 explains 0.9710 of variance.
Final number of components used for SVD: 1 explains 0.9536 of variance.
Final number of components used for SVD: 1 explains 0.9897 of variance.
Final number of components used for SVD: 1 explains 0.9552 of variance.
Final number of components used for SVD: 1 explains 0.9828 of variance.
Final number of components used for SVD: 2 explains 0.8861 of variance.
Final number of components used for SVD: 1 explains 0.9683 of variance.
Final number of components used for SVD: 1 explains 0.9540 of variance.
Final number of components used for SVD: 1 explains 0.9908 of variance.
Final number of components used for SVD: 1 explains 0.9650 of variance.
Final number of components used for SVD: 1 explains 0.9894 of variance.
Final number of components used for SVD: 1 explains 0.9484 of variance.
Final number of components used for SVD: 1 explains 0.9831 of variance.
Final number of components used for SVD: 1 explains 0.9208 of variance.
Final number of components used for SVD: 1 explains 0.9846 of variance.
Final number of components used for SVD: 1 explains 0.9666 of variance.
Final number of components used for SVD: 1 explains 0.9908 of variance.
Final number of components used for SVD: 1 explains 0.9673 of variance.
Final number of components used for SVD: 1 explains 0.9867 of variance.
Final number of components used for SVD: 1 explains 0.8316 of variance.
Final number of components used for SVD: 1 explains 0.9694 of variance.
Final number of components used for SVD: 1 explains 0.9564 of variance.
Final number of components used for SVD: 1 explains 0.9902 of variance.
Final number of components used for SVD: 1 explains 0.9760 of variance.
Final number of components used for SVD: 1 explains 0.9906 of variance.
Final number of components used for SVD: 1 explains 0.8726 of variance.
Final number of components used for SVD: 1 explains 0.9795 of variance.
Final number of components used for SVD: 1 explains 0.9481 of variance.
Final number of components used for SVD: 1 explains 0.9900 of variance.
Final number of components used for SVD: 1 explains 0.9777 of variance.
Final number of components used for SVD: 1 explains 0.9925 of variance.
Final number of components used for SVD: 1 explains 0.9752 of variance.
Final number of components used for SVD: 1 explains 0.9891 of variance.
Final number of components used for SVD: 1 explains 0.9126 of variance.
Final number of components used for SVD: 1 explains 0.9845 of variance.
Final number of components used for SVD: 1 explains 0.9714 of variance.
Final number of components used for SVD: 1 explains 0.9919 of variance.
Final number of components used for SVD: 1 explains 0.9721 of variance.
Final number of components used for SVD: 1 explains 0.9894 of variance.
Final number of components used for SVD: 1 explains 0.8682 of variance.
Final number of components used for SVD: 1 explains 0.9753 of variance.
Final number of components used for SVD: 1 explains 0.9520 of variance.
Final number of components used for SVD: 1 explains 0.9883 of variance.
Final number of components used for SVD: 1 explains 0.9703 of variance.
Final number of components used for SVD: 1 explains 0.9903 of variance.
Final number of components used for SVD: 1 explains 0.8445 of variance.
Final number of components used for SVD: 1 explains 0.9774 of variance.
Final number of components used for SVD: 1 explains 0.9416 of variance.
Final number of components used for SVD: 1 explains 0.9880 of variance.
Final number of components used for SVD: 1 explains 0.9621 of variance.
Final number of components used for SVD: 1 explains 0.9894 of variance.
Final number of components used for SVD: 1 explains 0.9708 of variance.
Final number of components used for SVD: 1 explains 0.9931 of variance.
Final number of components used for SVD: 1 explains 0.9065 of variance.
Final number of components used for SVD: 1 explains 0.9833 of variance.
Final number of components used for SVD: 1 explains 0.9539 of variance.
Final number of components used for SVD: 1 explains 0.9885 of variance.
Final number of components used for SVD: 1 explains 0.9675 of variance.
Final number of components used for SVD: 1 explains 0.9879 of variance.
Final number of components used for SVD: 1 explains 0.9069 of variance.
Final number of components used for SVD: 1 explains 0.9804 of variance.
Final number of components used for SVD: 1 explains 0.9423 of variance.
Final number of components used for SVD: 1 explains 0.9867 of variance.
Final number of components used for SVD: 1 explains 0.9648 of variance.
Final number of components used for SVD: 1 explains 0.9879 of variance.
Final number of components used for SVD: 1 explains 0.8438 of variance.
Final number of components used for SVD: 1 explains 0.9787 of variance.
Final number of components used for SVD: 1 explains 0.9206 of variance.
Final number of components used for SVD: 1 explains 0.9841 of variance.
Final number of components used for SVD: 1 explains 0.9505 of variance.
Final number of components used for SVD: 1 explains 0.9868 of variance.
Final number of components used for SVD: 1 explains 0.9888 of variance.
Final number of components used for SVD: 1 explains 0.9946 of variance.
Final number of components used for SVD: 1 explains 0.8790 of variance.
Final number of components used for SVD: 1 explains 0.9784 of variance.
Final number of components used for SVD: 1 explains 0.9378 of variance.
Final number of components used for SVD: 1 explains 0.9845 of variance.
Final number of components used for SVD: 1 explains 0.9660 of variance.
Final number of components used for SVD: 1 explains 0.9880 of variance.
Final number of components used for SVD: 1 explains 0.9041 of variance.
Final number of components used for SVD: 1 explains 0.9818 of variance.
Final number of components used for SVD: 1 explains 0.9348 of variance.
Final number of components used for SVD: 1 explains 0.9830 of variance.
Final number of components used for SVD: 1 explains 0.9608 of variance.
Final number of components used for SVD: 1 explains 0.9852 of variance.
Final number of components used for SVD: 2 explains 0.9745 of variance.
Final number of components used for SVD: 1 explains 0.9783 of variance.
Final number of components used for SVD: 1 explains 0.9095 of variance.
Final number of components used for SVD: 1 explains 0.9808 of variance.
Final number of components used for SVD: 1 explains 0.9506 of variance.
Final number of components used for SVD: 1 explains 0.9833 of variance.
Final number of components used for SVD: 1 explains 0.8686 of variance.
Final number of components used for SVD: 1 explains 0.9782 of variance.
Final number of components used for SVD: 1 explains 0.9435 of variance.
Final number of components used for SVD: 1 explains 0.9838 of variance.
Final number of components used for SVD: 1 explains 0.9455 of variance.
Final number of components used for SVD: 1 explains 0.9803 of variance.
Final number of components used for SVD: 1 explains 0.9012 of variance.
Final number of components used for SVD: 1 explains 0.9760 of variance.
Final number of components used for SVD: 1 explains 0.9529 of variance.
Final number of components used for SVD: 1 explains 0.9850 of variance.
Final number of components used for SVD: 1 explains 0.9584 of variance.
Final number of components used for SVD: 1 explains 0.9871 of variance.
Final number of components used for SVD: 1 explains 0.9491 of variance.
Final number of components used for SVD: 1 explains 0.9852 of variance.
Final number of components used for SVD: 1 explains 0.9636 of variance.
Final number of components used for SVD: 1 explains 0.9876 of variance.
Final number of components used for SVD: 1 explains 0.9724 of variance.
Final number of components used for SVD: 1 explains 0.9929 of variance.
