==== Job started on gpunode13 at Wed Dec  3 09:40:18 CET 2025 ====
SLURM_JOB_ID: 8602935
SLURM_SUBMIT_DIR: /home/dotr/paper/hyperalignment_rfMRI/main
SLURM_CPUS_PER_TASK: 8
SLURM_MEM_PER_NODE: 65536
SLURM_NTASKS: 1
data shape:  (2, 41, 48, 39, 1204)
Assuming input data has shape n_subjects x spatial xyz x dim5. Continue with preprocessing.
Preprocessing missing data
preprocessed data shape:  (2, 68, 15044)
Preprocessing is done
Number of centers:  8528
Processed 5.01% searchlights
Processed 10.00% searchlights
Processed 15.01% searchlights
Processed 20.00% searchlights
Processed 25.00% searchlights
Processed 30.01% searchlights
Processed 35.00% searchlights
Processed 40.01% searchlights
Processed 45.00% searchlights
